2025-09-05 04:48:23,397 [INFO] -----------------------Starting build-----------------------
2025-09-05 04:48:23,404 [INFO] Running configSets: _OnInstanceBoot
2025-09-05 04:48:23,407 [INFO] Running configSet _OnInstanceBoot
2025-09-05 04:48:23,411 [INFO] Running config AWSEBBaseConfig
2025-09-05 04:48:23,663 [INFO] Command clearbackupfiles succeeded
2025-09-05 04:48:23,668 [INFO] Running config AWSEBCfnHupEndpointOverride
2025-09-05 04:48:23,677 [INFO] Command clearbackupfiles succeeded
2025-09-05 04:48:23,679 [INFO] ConfigSets completed
2025-09-05 04:48:23,679 [INFO] -----------------------Build complete-----------------------
2025-09-05 04:50:31,572 [INFO] -----------------------Starting build-----------------------
2025-09-05 04:50:31,578 [INFO] Running configSets: Infra-EmbeddedPreBuild
2025-09-05 04:50:31,581 [INFO] Running configSet Infra-EmbeddedPreBuild
2025-09-05 04:50:31,584 [INFO] Running config prebuild_0_hash_proj_v2
2025-09-05 04:50:31,592 [INFO] Command set_time_zone succeeded
2025-09-05 04:50:31,594 [INFO] ConfigSets completed
2025-09-05 04:50:31,594 [INFO] -----------------------Build complete-----------------------
2025-09-05 13:52:09,197 [INFO] -----------------------Starting build-----------------------
2025-09-05 13:52:09,206 [INFO] Running configSets: Infra-EmbeddedPostBuild
2025-09-05 13:52:09,209 [INFO] Running configSet Infra-EmbeddedPostBuild
2025-09-05 13:52:09,210 [INFO] ConfigSets completed
2025-09-05 13:52:09,210 [INFO] -----------------------Build complete-----------------------
2025-09-05 13:53:00,397 [INFO] -----------------------Starting build-----------------------
2025-09-05 13:53:00,407 [INFO] Running configSets: Infra-EmbeddedPreBuild
2025-09-05 13:53:00,411 [INFO] Running configSet Infra-EmbeddedPreBuild
2025-09-05 13:53:00,415 [INFO] Running config prebuild_0_hash_proj_v2
2025-09-05 13:53:00,425 [INFO] Command set_time_zone succeeded
2025-09-05 13:53:00,427 [INFO] ConfigSets completed
2025-09-05 13:53:00,428 [INFO] -----------------------Build complete-----------------------
2025-09-05 13:53:09,118 [INFO] -----------------------Starting build-----------------------
2025-09-05 13:53:09,124 [INFO] Running configSets: Infra-EmbeddedPostBuild
2025-09-05 13:53:09,127 [INFO] Running configSet Infra-EmbeddedPostBuild
2025-09-05 13:53:09,128 [INFO] ConfigSets completed
2025-09-05 13:53:09,128 [INFO] -----------------------Build complete-----------------------
2025-09-05 14:16:16,824 [INFO] -----------------------Starting build-----------------------
2025-09-05 14:16:16,839 [INFO] Running configSets: Infra-EmbeddedPreBuild
2025-09-05 14:16:16,845 [INFO] Running configSet Infra-EmbeddedPreBuild
2025-09-05 14:16:16,849 [INFO] Running config prebuild_0_hash_proj_v2
2025-09-05 14:16:16,857 [INFO] Command set_time_zone succeeded
2025-09-05 14:16:16,859 [INFO] ConfigSets completed
2025-09-05 14:16:16,859 [INFO] -----------------------Build complete-----------------------
2025-09-05 14:16:25,660 [INFO] -----------------------Starting build-----------------------
2025-09-05 14:16:25,667 [INFO] Running configSets: Infra-EmbeddedPostBuild
2025-09-05 14:16:25,670 [INFO] Running configSet Infra-EmbeddedPostBuild
2025-09-05 14:16:25,670 [INFO] ConfigSets completed
2025-09-05 14:16:25,670 [INFO] -----------------------Build complete-----------------------
2025-09-05 14:20:47,877 [INFO] -----------------------Starting build-----------------------
2025-09-05 14:20:47,886 [INFO] Running configSets: Infra-EmbeddedPreBuild
2025-09-05 14:20:47,890 [INFO] Running configSet Infra-EmbeddedPreBuild
2025-09-05 14:20:47,893 [INFO] Running config prebuild_0_hash_proj_v2
2025-09-05 14:20:47,901 [INFO] Command set_time_zone succeeded
2025-09-05 14:20:47,903 [INFO] ConfigSets completed
2025-09-05 14:20:47,903 [INFO] -----------------------Build complete-----------------------
2025-09-05 14:22:36,815 [INFO] -----------------------Starting build-----------------------
2025-09-05 14:22:36,823 [INFO] Running configSets: Infra-EmbeddedPreBuild
2025-09-05 14:22:36,828 [INFO] Running configSet Infra-EmbeddedPreBuild
2025-09-05 14:22:36,832 [INFO] Running config prebuild_0_hash_proj_v2
2025-09-05 14:22:36,842 [INFO] Command set_time_zone succeeded
2025-09-05 14:22:36,845 [INFO] ConfigSets completed
2025-09-05 14:22:36,845 [INFO] -----------------------Build complete-----------------------
2025-09-05 14:24:42,451 [INFO] -----------------------Starting build-----------------------
2025-09-05 14:24:42,459 [INFO] Running configSets: Infra-EmbeddedPreBuild
2025-09-05 14:24:42,463 [INFO] Running configSet Infra-EmbeddedPreBuild
2025-09-05 14:24:42,467 [INFO] Running config prebuild_0_hash_proj_v2
2025-09-05 14:24:42,476 [INFO] Command set_time_zone succeeded
2025-09-05 14:24:42,479 [INFO] ConfigSets completed
2025-09-05 14:24:42,479 [INFO] -----------------------Build complete-----------------------
2025-09-05 14:27:23,305 [INFO] -----------------------Starting build-----------------------
2025-09-05 14:27:23,312 [INFO] Running configSets: Infra-EmbeddedPreBuild
2025-09-05 14:27:23,315 [INFO] Running configSet Infra-EmbeddedPreBuild
2025-09-05 14:27:23,319 [INFO] Running config prebuild_0_hash_proj_v2
2025-09-05 14:27:23,326 [INFO] Command set_time_zone succeeded
2025-09-05 14:27:23,327 [INFO] ConfigSets completed
2025-09-05 14:27:23,328 [INFO] -----------------------Build complete-----------------------
2025-09-05 14:35:24,718 [INFO] -----------------------Starting build-----------------------
2025-09-05 14:35:24,726 [INFO] Running configSets: Infra-EmbeddedPreBuild
2025-09-05 14:35:24,729 [INFO] Running configSet Infra-EmbeddedPreBuild
2025-09-05 14:35:24,733 [INFO] Running config prebuild_0_hash_proj_v2
2025-09-05 14:35:24,740 [INFO] Command set_time_zone succeeded
2025-09-05 14:35:24,742 [INFO] ConfigSets completed
2025-09-05 14:35:24,742 [INFO] -----------------------Build complete-----------------------
2025-09-05 14:38:36,169 [INFO] -----------------------Starting build-----------------------
2025-09-05 14:38:36,178 [INFO] Running configSets: Infra-EmbeddedPostBuild
2025-09-05 14:38:36,181 [INFO] Running configSet Infra-EmbeddedPostBuild
2025-09-05 14:38:36,182 [INFO] ConfigSets completed
2025-09-05 14:38:36,182 [INFO] -----------------------Build complete-----------------------
2025-09-05 14:43:35,050 [INFO] -----------------------Starting build-----------------------
2025-09-05 14:43:35,058 [INFO] Running configSets: Infra-EmbeddedPreBuild
2025-09-05 14:43:35,061 [INFO] Running configSet Infra-EmbeddedPreBuild
2025-09-05 14:43:35,065 [INFO] Running config prebuild_0_hash_proj_v2
2025-09-05 14:43:35,073 [INFO] Command set_time_zone succeeded
2025-09-05 14:43:35,074 [INFO] ConfigSets completed
2025-09-05 14:43:35,074 [INFO] -----------------------Build complete-----------------------
2025-09-05 14:43:46,913 [INFO] -----------------------Starting build-----------------------
2025-09-05 14:43:46,920 [INFO] Running configSets: Infra-EmbeddedPostBuild
2025-09-05 14:43:46,922 [INFO] Running configSet Infra-EmbeddedPostBuild
2025-09-05 14:43:46,923 [INFO] ConfigSets completed
2025-09-05 14:43:46,923 [INFO] -----------------------Build complete-----------------------
2025-09-05 14:55:28,731 [INFO] -----------------------Starting build-----------------------
2025-09-05 14:55:28,740 [INFO] Running configSets: Infra-EmbeddedPreBuild
2025-09-05 14:55:28,745 [INFO] Running configSet Infra-EmbeddedPreBuild
2025-09-05 14:55:28,748 [INFO] Running config prebuild_0_hash_proj_v2
2025-09-05 14:55:28,760 [INFO] Command set_time_zone succeeded
2025-09-05 14:55:28,762 [INFO] ConfigSets completed
2025-09-05 14:55:28,763 [INFO] -----------------------Build complete-----------------------
2025-09-05 14:58:41,617 [INFO] -----------------------Starting build-----------------------
2025-09-05 14:58:41,626 [INFO] Running configSets: Infra-EmbeddedPostBuild
2025-09-05 14:58:41,629 [INFO] Running configSet Infra-EmbeddedPostBuild
2025-09-05 14:58:41,631 [INFO] ConfigSets completed
2025-09-05 14:58:41,631 [INFO] -----------------------Build complete-----------------------
2025-09-05 15:02:57,944 [INFO] -----------------------Starting build-----------------------
2025-09-05 15:02:57,952 [INFO] Running configSets: Infra-EmbeddedPreBuild
2025-09-05 15:02:57,955 [INFO] Running configSet Infra-EmbeddedPreBuild
2025-09-05 15:02:57,958 [INFO] Running config prebuild_0_hash_proj_v2
2025-09-05 15:02:57,967 [INFO] Command set_time_zone succeeded
2025-09-05 15:02:57,969 [INFO] ConfigSets completed
2025-09-05 15:02:57,969 [INFO] -----------------------Build complete-----------------------
2025-09-05 15:03:09,692 [INFO] -----------------------Starting build-----------------------
2025-09-05 15:03:09,699 [INFO] Running configSets: Infra-EmbeddedPostBuild
2025-09-05 15:03:09,702 [INFO] Running configSet Infra-EmbeddedPostBuild
2025-09-05 15:03:09,702 [INFO] ConfigSets completed
2025-09-05 15:03:09,702 [INFO] -----------------------Build complete-----------------------
2025-09-05 15:25:06,774 [INFO] -----------------------Starting build-----------------------
2025-09-05 15:25:06,783 [INFO] Running configSets: Infra-EmbeddedPreBuild
2025-09-05 15:25:06,786 [INFO] Running configSet Infra-EmbeddedPreBuild
2025-09-05 15:25:06,790 [INFO] Running config prebuild_0_hash_proj_v2
2025-09-05 15:25:06,799 [INFO] Command set_time_zone succeeded
2025-09-05 15:25:06,800 [INFO] ConfigSets completed
2025-09-05 15:25:06,800 [INFO] -----------------------Build complete-----------------------
2025-09-05 15:25:19,107 [INFO] -----------------------Starting build-----------------------
2025-09-05 15:25:19,114 [INFO] Running configSets: Infra-EmbeddedPostBuild
2025-09-05 15:25:19,116 [INFO] Running configSet Infra-EmbeddedPostBuild
2025-09-05 15:25:19,117 [INFO] ConfigSets completed
2025-09-05 15:25:19,117 [INFO] -----------------------Build complete-----------------------
2025-09-05 15:35:15,314 [INFO] -----------------------Starting build-----------------------
2025-09-05 15:35:15,322 [INFO] Running configSets: Infra-EmbeddedPreBuild
2025-09-05 15:35:15,325 [INFO] Running configSet Infra-EmbeddedPreBuild
2025-09-05 15:35:15,328 [INFO] Running config prebuild_0_hash_proj_v2
2025-09-05 15:35:15,338 [INFO] Command set_time_zone succeeded
2025-09-05 15:35:15,339 [INFO] ConfigSets completed
2025-09-05 15:35:15,340 [INFO] -----------------------Build complete-----------------------
2025-09-05 15:38:34,163 [INFO] -----------------------Starting build-----------------------
2025-09-05 15:38:34,171 [INFO] Running configSets: Infra-EmbeddedPostBuild
2025-09-05 15:38:34,174 [INFO] Running configSet Infra-EmbeddedPostBuild
2025-09-05 15:38:34,175 [INFO] ConfigSets completed
2025-09-05 15:38:34,175 [INFO] -----------------------Build complete-----------------------
2025-09-05 15:42:35,523 [INFO] -----------------------Starting build-----------------------
2025-09-05 15:42:35,531 [INFO] Running configSets: Infra-EmbeddedPreBuild
2025-09-05 15:42:35,534 [INFO] Running configSet Infra-EmbeddedPreBuild
2025-09-05 15:42:35,538 [INFO] Running config prebuild_0_hash_proj_v2
2025-09-05 15:42:35,545 [INFO] Command set_time_zone succeeded
2025-09-05 15:42:35,547 [INFO] ConfigSets completed
2025-09-05 15:42:35,547 [INFO] -----------------------Build complete-----------------------
2025-09-05 15:42:46,883 [INFO] -----------------------Starting build-----------------------
2025-09-05 15:42:46,890 [INFO] Running configSets: Infra-EmbeddedPostBuild
2025-09-05 15:42:46,894 [INFO] Running configSet Infra-EmbeddedPostBuild
2025-09-05 15:42:46,894 [INFO] ConfigSets completed
2025-09-05 15:42:46,895 [INFO] -----------------------Build complete-----------------------
2025-09-05 15:52:35,079 [INFO] -----------------------Starting build-----------------------
2025-09-05 15:52:35,088 [INFO] Running configSets: Infra-EmbeddedPreBuild
2025-09-05 15:52:35,091 [INFO] Running configSet Infra-EmbeddedPreBuild
2025-09-05 15:52:35,094 [INFO] Running config prebuild_0_hash_proj_v2
2025-09-05 15:52:35,102 [INFO] Command set_time_zone succeeded
2025-09-05 15:52:35,104 [INFO] ConfigSets completed
2025-09-05 15:52:35,104 [INFO] -----------------------Build complete-----------------------
2025-09-05 15:55:45,363 [INFO] -----------------------Starting build-----------------------
2025-09-05 15:55:45,371 [INFO] Running configSets: Infra-EmbeddedPostBuild
2025-09-05 15:55:45,374 [INFO] Running configSet Infra-EmbeddedPostBuild
2025-09-05 15:55:45,375 [INFO] ConfigSets completed
2025-09-05 15:55:45,375 [INFO] -----------------------Build complete-----------------------
2025-09-06 06:51:50,916 [INFO] -----------------------Starting build-----------------------
2025-09-06 06:51:50,926 [INFO] Running configSets: Infra-EmbeddedPreBuild
2025-09-06 06:51:50,929 [INFO] Running configSet Infra-EmbeddedPreBuild
2025-09-06 06:51:50,932 [INFO] Running config prebuild_0_hash_proj_v2
2025-09-06 06:51:50,940 [INFO] Command set_time_zone succeeded
2025-09-06 06:51:50,942 [INFO] ConfigSets completed
2025-09-06 06:51:50,943 [INFO] -----------------------Build complete-----------------------
2025-09-06 06:56:42,686 [INFO] -----------------------Starting build-----------------------
2025-09-06 06:56:42,696 [INFO] Running configSets: Infra-EmbeddedPostBuild
2025-09-06 06:56:42,699 [INFO] Running configSet Infra-EmbeddedPostBuild
2025-09-06 06:56:42,699 [INFO] ConfigSets completed
2025-09-06 06:56:42,699 [INFO] -----------------------Build complete-----------------------
2025-09-06 06:58:56,232 [INFO] -----------------------Starting build-----------------------
2025-09-06 06:58:56,241 [INFO] Running configSets: Infra-EmbeddedPreBuild
2025-09-06 06:58:56,244 [INFO] Running configSet Infra-EmbeddedPreBuild
2025-09-06 06:58:56,247 [INFO] Running config prebuild_0_hash_proj_v2
2025-09-06 06:58:56,254 [INFO] Command set_time_zone succeeded
2025-09-06 06:58:56,255 [INFO] ConfigSets completed
2025-09-06 06:58:56,256 [INFO] -----------------------Build complete-----------------------
2025-09-06 06:59:07,870 [INFO] -----------------------Starting build-----------------------
2025-09-06 06:59:07,877 [INFO] Running configSets: Infra-EmbeddedPostBuild
2025-09-06 06:59:07,880 [INFO] Running configSet Infra-EmbeddedPostBuild
2025-09-06 06:59:07,880 [INFO] ConfigSets completed
2025-09-06 06:59:07,880 [INFO] -----------------------Build complete-----------------------
2025-09-06 07:04:15,621 [INFO] -----------------------Starting build-----------------------
2025-09-06 07:04:15,627 [INFO] Running configSets: Infra-EmbeddedPreBuild
2025-09-06 07:04:15,630 [INFO] Running configSet Infra-EmbeddedPreBuild
2025-09-06 07:04:15,632 [INFO] Running config prebuild_0_hash_proj_v2
2025-09-06 07:04:15,640 [INFO] Command set_time_zone succeeded
2025-09-06 07:04:15,642 [INFO] ConfigSets completed
2025-09-06 07:04:15,642 [INFO] -----------------------Build complete-----------------------
2025-09-06 07:04:26,904 [INFO] -----------------------Starting build-----------------------
2025-09-06 07:04:26,911 [INFO] Running configSets: Infra-EmbeddedPostBuild
2025-09-06 07:04:26,914 [INFO] Running configSet Infra-EmbeddedPostBuild
2025-09-06 07:04:26,914 [INFO] ConfigSets completed
2025-09-06 07:04:26,914 [INFO] -----------------------Build complete-----------------------
2025-09-06 07:07:27,784 [INFO] -----------------------Starting build-----------------------
2025-09-06 07:07:27,792 [INFO] Running configSets: Infra-EmbeddedPreBuild
2025-09-06 07:07:27,795 [INFO] Running configSet Infra-EmbeddedPreBuild
2025-09-06 07:07:27,798 [INFO] Running config prebuild_0_hash_proj_v2
2025-09-06 07:07:27,805 [INFO] Command set_time_zone succeeded
2025-09-06 07:07:27,807 [INFO] ConfigSets completed
2025-09-06 07:07:27,807 [INFO] -----------------------Build complete-----------------------
2025-09-06 07:07:38,169 [INFO] -----------------------Starting build-----------------------
2025-09-06 07:07:38,175 [INFO] Running configSets: Infra-EmbeddedPostBuild
2025-09-06 07:07:38,178 [INFO] Running configSet Infra-EmbeddedPostBuild
2025-09-06 07:07:38,178 [INFO] ConfigSets completed
2025-09-06 07:07:38,179 [INFO] -----------------------Build complete-----------------------
2025-09-06 07:17:41,384 [INFO] -----------------------Starting build-----------------------
2025-09-06 07:17:41,390 [INFO] Running configSets: Infra-EmbeddedPreBuild
2025-09-06 07:17:41,393 [INFO] Running configSet Infra-EmbeddedPreBuild
2025-09-06 07:17:41,396 [INFO] Running config prebuild_0_hash_proj_v2
2025-09-06 07:17:41,403 [INFO] Command set_time_zone succeeded
2025-09-06 07:17:41,405 [INFO] ConfigSets completed
2025-09-06 07:17:41,406 [INFO] -----------------------Build complete-----------------------
2025-09-06 07:17:52,866 [INFO] -----------------------Starting build-----------------------
2025-09-06 07:17:52,872 [INFO] Running configSets: Infra-EmbeddedPostBuild
2025-09-06 07:17:52,875 [INFO] Running configSet Infra-EmbeddedPostBuild
2025-09-06 07:17:52,876 [INFO] ConfigSets completed
2025-09-06 07:17:52,876 [INFO] -----------------------Build complete-----------------------
2025-09-06 07:48:31,718 [INFO] -----------------------Starting build-----------------------
2025-09-06 07:48:31,725 [INFO] Running configSets: Infra-EmbeddedPreBuild
2025-09-06 07:48:31,729 [INFO] Running configSet Infra-EmbeddedPreBuild
2025-09-06 07:48:31,732 [INFO] Running config prebuild_0_hash_proj_v2
2025-09-06 07:48:31,739 [INFO] Command set_time_zone succeeded
2025-09-06 07:48:31,741 [INFO] ConfigSets completed
2025-09-06 07:48:31,741 [INFO] -----------------------Build complete-----------------------
2025-09-06 07:48:43,646 [INFO] -----------------------Starting build-----------------------
2025-09-06 07:48:43,653 [INFO] Running configSets: Infra-EmbeddedPostBuild
2025-09-06 07:48:43,656 [INFO] Running configSet Infra-EmbeddedPostBuild
2025-09-06 07:48:43,656 [INFO] ConfigSets completed
2025-09-06 07:48:43,656 [INFO] -----------------------Build complete-----------------------
2025-09-06 07:57:42,337 [INFO] -----------------------Starting build-----------------------
2025-09-06 07:57:42,345 [INFO] Running configSets: Infra-EmbeddedPreBuild
2025-09-06 07:57:42,348 [INFO] Running configSet Infra-EmbeddedPreBuild
2025-09-06 07:57:42,351 [INFO] Running config prebuild_0_hash_proj_v2
2025-09-06 07:57:42,359 [INFO] Command set_time_zone succeeded
2025-09-06 07:57:42,360 [INFO] ConfigSets completed
2025-09-06 07:57:42,360 [INFO] -----------------------Build complete-----------------------
2025-09-06 07:57:53,891 [INFO] -----------------------Starting build-----------------------
2025-09-06 07:57:53,898 [INFO] Running configSets: Infra-EmbeddedPostBuild
2025-09-06 07:57:53,901 [INFO] Running configSet Infra-EmbeddedPostBuild
2025-09-06 07:57:53,901 [INFO] ConfigSets completed
2025-09-06 07:57:53,901 [INFO] -----------------------Build complete-----------------------
2025-09-06 10:16:24,396 [INFO] -----------------------Starting build-----------------------
2025-09-06 10:16:24,403 [INFO] Running configSets: Infra-EmbeddedPreBuild
2025-09-06 10:16:24,406 [INFO] Running configSet Infra-EmbeddedPreBuild
2025-09-06 10:16:24,409 [INFO] Running config prebuild_0_hash_proj_v2
2025-09-06 10:16:24,416 [INFO] Command set_time_zone succeeded
2025-09-06 10:16:24,418 [INFO] ConfigSets completed
2025-09-06 10:16:24,418 [INFO] -----------------------Build complete-----------------------
2025-09-06 10:19:40,132 [INFO] -----------------------Starting build-----------------------
2025-09-06 10:19:40,141 [INFO] Running configSets: Infra-EmbeddedPostBuild
2025-09-06 10:19:40,144 [INFO] Running configSet Infra-EmbeddedPostBuild
2025-09-06 10:19:40,145 [INFO] ConfigSets completed
2025-09-06 10:19:40,145 [INFO] -----------------------Build complete-----------------------
2025-09-06 10:23:26,784 [INFO] -----------------------Starting build-----------------------
2025-09-06 10:23:26,791 [INFO] Running configSets: Infra-EmbeddedPreBuild
2025-09-06 10:23:26,794 [INFO] Running configSet Infra-EmbeddedPreBuild
2025-09-06 10:23:26,798 [INFO] Running config prebuild_0_hash_proj_v2
2025-09-06 10:23:26,804 [INFO] Command set_time_zone succeeded
2025-09-06 10:23:26,806 [INFO] ConfigSets completed
2025-09-06 10:23:26,806 [INFO] -----------------------Build complete-----------------------
2025-09-06 10:23:38,389 [INFO] -----------------------Starting build-----------------------
2025-09-06 10:23:38,395 [INFO] Running configSets: Infra-EmbeddedPostBuild
2025-09-06 10:23:38,398 [INFO] Running configSet Infra-EmbeddedPostBuild
2025-09-06 10:23:38,398 [INFO] ConfigSets completed
2025-09-06 10:23:38,399 [INFO] -----------------------Build complete-----------------------
2025-09-06 10:33:38,513 [INFO] -----------------------Starting build-----------------------
2025-09-06 10:33:38,520 [INFO] Running configSets: Infra-EmbeddedPreBuild
2025-09-06 10:33:38,523 [INFO] Running configSet Infra-EmbeddedPreBuild
2025-09-06 10:33:38,526 [INFO] Running config prebuild_0_hash_proj_v2
2025-09-06 10:33:38,533 [INFO] Command set_time_zone succeeded
2025-09-06 10:33:38,535 [INFO] ConfigSets completed
2025-09-06 10:33:38,536 [INFO] -----------------------Build complete-----------------------
2025-09-06 10:33:50,118 [INFO] -----------------------Starting build-----------------------
2025-09-06 10:33:50,124 [INFO] Running configSets: Infra-EmbeddedPostBuild
2025-09-06 10:33:50,127 [INFO] Running configSet Infra-EmbeddedPostBuild
2025-09-06 10:33:50,128 [INFO] ConfigSets completed
2025-09-06 10:33:50,128 [INFO] -----------------------Build complete-----------------------
2025-09-06 10:52:18,291 [INFO] -----------------------Starting build-----------------------
2025-09-06 10:52:18,299 [INFO] Running configSets: Infra-EmbeddedPreBuild
2025-09-06 10:52:18,302 [INFO] Running configSet Infra-EmbeddedPreBuild
2025-09-06 10:52:18,305 [INFO] Running config prebuild_0_hash_proj_v2
2025-09-06 10:52:18,312 [INFO] Command set_time_zone succeeded
2025-09-06 10:52:18,313 [INFO] ConfigSets completed
2025-09-06 10:52:18,313 [INFO] -----------------------Build complete-----------------------
2025-09-06 10:52:30,092 [INFO] -----------------------Starting build-----------------------
2025-09-06 10:52:30,099 [INFO] Running configSets: Infra-EmbeddedPostBuild
2025-09-06 10:52:30,102 [INFO] Running configSet Infra-EmbeddedPostBuild
2025-09-06 10:52:30,102 [INFO] ConfigSets completed
2025-09-06 10:52:30,103 [INFO] -----------------------Build complete-----------------------
2025-09-06 10:58:34,886 [INFO] -----------------------Starting build-----------------------
2025-09-06 10:58:34,893 [INFO] Running configSets: Infra-EmbeddedPreBuild
2025-09-06 10:58:34,896 [INFO] Running configSet Infra-EmbeddedPreBuild
2025-09-06 10:58:34,899 [INFO] Running config prebuild_0_hash_proj_v2
2025-09-06 10:58:34,907 [INFO] Command set_time_zone succeeded
2025-09-06 10:58:34,909 [INFO] ConfigSets completed
2025-09-06 10:58:34,909 [INFO] -----------------------Build complete-----------------------
2025-09-06 10:58:46,089 [INFO] -----------------------Starting build-----------------------
2025-09-06 10:58:46,095 [INFO] Running configSets: Infra-EmbeddedPostBuild
2025-09-06 10:58:46,098 [INFO] Running configSet Infra-EmbeddedPostBuild
2025-09-06 10:58:46,099 [INFO] ConfigSets completed
2025-09-06 10:58:46,099 [INFO] -----------------------Build complete-----------------------
2025-09-06 12:11:27,046 [INFO] -----------------------Starting build-----------------------
2025-09-06 12:11:27,053 [INFO] Running configSets: Infra-EmbeddedPreBuild
2025-09-06 12:11:27,056 [INFO] Running configSet Infra-EmbeddedPreBuild
2025-09-06 12:11:27,060 [INFO] Running config prebuild_0_hash_proj_v2
2025-09-06 12:11:27,067 [INFO] Command set_time_zone succeeded
2025-09-06 12:11:27,069 [INFO] ConfigSets completed
2025-09-06 12:11:27,069 [INFO] -----------------------Build complete-----------------------
2025-09-06 12:11:38,882 [INFO] -----------------------Starting build-----------------------
2025-09-06 12:11:38,889 [INFO] Running configSets: Infra-EmbeddedPostBuild
2025-09-06 12:11:38,892 [INFO] Running configSet Infra-EmbeddedPostBuild
2025-09-06 12:11:38,892 [INFO] ConfigSets completed
2025-09-06 12:11:38,893 [INFO] -----------------------Build complete-----------------------
2025-09-06 12:23:39,252 [INFO] -----------------------Starting build-----------------------
2025-09-06 12:23:39,260 [INFO] Running configSets: Infra-EmbeddedPreBuild
2025-09-06 12:23:39,263 [INFO] Running configSet Infra-EmbeddedPreBuild
2025-09-06 12:23:39,266 [INFO] Running config prebuild_0_hash_proj_v2
2025-09-06 12:23:39,272 [INFO] Command set_time_zone succeeded
2025-09-06 12:23:39,274 [INFO] ConfigSets completed
2025-09-06 12:23:39,274 [INFO] -----------------------Build complete-----------------------
2025-09-06 12:23:50,819 [INFO] -----------------------Starting build-----------------------
2025-09-06 12:23:50,826 [INFO] Running configSets: Infra-EmbeddedPostBuild
2025-09-06 12:23:50,829 [INFO] Running configSet Infra-EmbeddedPostBuild
2025-09-06 12:23:50,830 [INFO] ConfigSets completed
2025-09-06 12:23:50,830 [INFO] -----------------------Build complete-----------------------
2025-09-06 12:32:11,929 [INFO] -----------------------Starting build-----------------------
2025-09-06 12:32:11,935 [INFO] Running configSets: Infra-EmbeddedPreBuild
2025-09-06 12:32:11,938 [INFO] Running configSet Infra-EmbeddedPreBuild
2025-09-06 12:32:11,941 [INFO] Running config prebuild_0_hash_proj_v2
2025-09-06 12:32:11,947 [INFO] Command set_time_zone succeeded
2025-09-06 12:32:11,949 [INFO] ConfigSets completed
2025-09-06 12:32:11,949 [INFO] -----------------------Build complete-----------------------
2025-09-06 12:32:23,407 [INFO] -----------------------Starting build-----------------------
2025-09-06 12:32:23,413 [INFO] Running configSets: Infra-EmbeddedPostBuild
2025-09-06 12:32:23,416 [INFO] Running configSet Infra-EmbeddedPostBuild
2025-09-06 12:32:23,416 [INFO] ConfigSets completed
2025-09-06 12:32:23,417 [INFO] -----------------------Build complete-----------------------
2025-09-06 12:43:03,443 [INFO] -----------------------Starting build-----------------------
2025-09-06 12:43:03,451 [INFO] Running configSets: Infra-EmbeddedPreBuild
2025-09-06 12:43:03,454 [INFO] Running configSet Infra-EmbeddedPreBuild
2025-09-06 12:43:03,457 [INFO] Running config prebuild_0_hash_proj_v2
2025-09-06 12:43:03,464 [INFO] Command set_time_zone succeeded
2025-09-06 12:43:03,465 [INFO] ConfigSets completed
2025-09-06 12:43:03,466 [INFO] -----------------------Build complete-----------------------
2025-09-06 12:43:14,590 [INFO] -----------------------Starting build-----------------------
2025-09-06 12:43:14,597 [INFO] Running configSets: Infra-EmbeddedPostBuild
2025-09-06 12:43:14,600 [INFO] Running configSet Infra-EmbeddedPostBuild
2025-09-06 12:43:14,601 [INFO] ConfigSets completed
2025-09-06 12:43:14,601 [INFO] -----------------------Build complete-----------------------
2025-09-06 13:26:38,223 [INFO] -----------------------Starting build-----------------------
2025-09-06 13:26:38,231 [INFO] Running configSets: Infra-EmbeddedPreBuild
2025-09-06 13:26:38,234 [INFO] Running configSet Infra-EmbeddedPreBuild
2025-09-06 13:26:38,237 [INFO] Running config prebuild_0_hash_proj_v2
2025-09-06 13:26:38,244 [INFO] Command set_time_zone succeeded
2025-09-06 13:26:38,245 [INFO] ConfigSets completed
2025-09-06 13:26:38,246 [INFO] -----------------------Build complete-----------------------
2025-09-06 13:26:49,854 [INFO] -----------------------Starting build-----------------------
2025-09-06 13:26:49,861 [INFO] Running configSets: Infra-EmbeddedPostBuild
2025-09-06 13:26:49,864 [INFO] Running configSet Infra-EmbeddedPostBuild
2025-09-06 13:26:49,864 [INFO] ConfigSets completed
2025-09-06 13:26:49,864 [INFO] -----------------------Build complete-----------------------
2025-09-06 13:41:48,269 [INFO] -----------------------Starting build-----------------------
2025-09-06 13:41:48,277 [INFO] Running configSets: Infra-EmbeddedPreBuild
2025-09-06 13:41:48,280 [INFO] Running configSet Infra-EmbeddedPreBuild
2025-09-06 13:41:48,283 [INFO] Running config prebuild_0_hash_proj_v2
2025-09-06 13:41:48,290 [INFO] Command set_time_zone succeeded
2025-09-06 13:41:48,292 [INFO] ConfigSets completed
2025-09-06 13:41:48,292 [INFO] -----------------------Build complete-----------------------
2025-09-06 13:41:58,621 [INFO] -----------------------Starting build-----------------------
2025-09-06 13:41:58,628 [INFO] Running configSets: Infra-EmbeddedPostBuild
2025-09-06 13:41:58,631 [INFO] Running configSet Infra-EmbeddedPostBuild
2025-09-06 13:41:58,631 [INFO] ConfigSets completed
2025-09-06 13:41:58,631 [INFO] -----------------------Build complete-----------------------
2025-09-06 14:42:34,027 [INFO] -----------------------Starting build-----------------------
2025-09-06 14:42:34,034 [INFO] Running configSets: Infra-EmbeddedPreBuild
2025-09-06 14:42:34,037 [INFO] Running configSet Infra-EmbeddedPreBuild
2025-09-06 14:42:34,040 [INFO] Running config prebuild_0_hash_proj_v2
2025-09-06 14:42:34,047 [INFO] Command set_time_zone succeeded
2025-09-06 14:42:34,048 [INFO] ConfigSets completed
2025-09-06 14:42:34,049 [INFO] -----------------------Build complete-----------------------
2025-09-06 14:45:51,887 [INFO] -----------------------Starting build-----------------------
2025-09-06 14:45:51,895 [INFO] Running configSets: Infra-EmbeddedPostBuild
2025-09-06 14:45:51,898 [INFO] Running configSet Infra-EmbeddedPostBuild
2025-09-06 14:45:51,899 [INFO] ConfigSets completed
2025-09-06 14:45:51,899 [INFO] -----------------------Build complete-----------------------
2025-09-06 14:49:21,794 [INFO] -----------------------Starting build-----------------------
2025-09-06 14:49:21,803 [INFO] Running configSets: Infra-EmbeddedPreBuild
2025-09-06 14:49:21,806 [INFO] Running configSet Infra-EmbeddedPreBuild
2025-09-06 14:49:21,809 [INFO] Running config prebuild_0_hash_proj_v2
2025-09-06 14:49:21,818 [INFO] Command set_time_zone succeeded
2025-09-06 14:49:21,820 [INFO] ConfigSets completed
2025-09-06 14:49:21,820 [INFO] -----------------------Build complete-----------------------
2025-09-06 14:49:33,889 [INFO] -----------------------Starting build-----------------------
2025-09-06 14:49:33,896 [INFO] Running configSets: Infra-EmbeddedPostBuild
2025-09-06 14:49:33,899 [INFO] Running configSet Infra-EmbeddedPostBuild
2025-09-06 14:49:33,900 [INFO] ConfigSets completed
2025-09-06 14:49:33,900 [INFO] -----------------------Build complete-----------------------
2025-09-06 14:51:10,811 [INFO] -----------------------Starting build-----------------------
2025-09-06 14:51:10,819 [INFO] Running configSets: Infra-EmbeddedPreBuild
2025-09-06 14:51:10,822 [INFO] Running configSet Infra-EmbeddedPreBuild
2025-09-06 14:51:10,826 [INFO] Running config prebuild_0_hash_proj_v2
2025-09-06 14:51:10,833 [INFO] Command set_time_zone succeeded
2025-09-06 14:51:10,835 [INFO] ConfigSets completed
2025-09-06 14:51:10,835 [INFO] -----------------------Build complete-----------------------
2025-09-06 14:51:21,684 [INFO] -----------------------Starting build-----------------------
2025-09-06 14:51:21,691 [INFO] Running configSets: Infra-EmbeddedPostBuild
2025-09-06 14:51:21,694 [INFO] Running configSet Infra-EmbeddedPostBuild
2025-09-06 14:51:21,695 [INFO] ConfigSets completed
2025-09-06 14:51:21,695 [INFO] -----------------------Build complete-----------------------
2025-09-06 14:53:59,102 [INFO] -----------------------Starting build-----------------------
2025-09-06 14:53:59,111 [INFO] Running configSets: Infra-EmbeddedPreBuild
2025-09-06 14:53:59,114 [INFO] Running configSet Infra-EmbeddedPreBuild
2025-09-06 14:53:59,117 [INFO] Running config prebuild_0_hash_proj_v2
2025-09-06 14:53:59,126 [INFO] Command set_time_zone succeeded
2025-09-06 14:53:59,127 [INFO] ConfigSets completed
2025-09-06 14:53:59,128 [INFO] -----------------------Build complete-----------------------
2025-09-06 14:54:10,880 [INFO] -----------------------Starting build-----------------------
2025-09-06 14:54:10,887 [INFO] Running configSets: Infra-EmbeddedPostBuild
2025-09-06 14:54:10,890 [INFO] Running configSet Infra-EmbeddedPostBuild
2025-09-06 14:54:10,891 [INFO] ConfigSets completed
2025-09-06 14:54:10,891 [INFO] -----------------------Build complete-----------------------
2025-09-06 15:03:58,502 [INFO] -----------------------Starting build-----------------------
2025-09-06 15:03:58,510 [INFO] Running configSets: Infra-EmbeddedPreBuild
2025-09-06 15:03:58,514 [INFO] Running configSet Infra-EmbeddedPreBuild
2025-09-06 15:03:58,517 [INFO] Running config prebuild_0_hash_proj_v2
2025-09-06 15:03:58,526 [INFO] Command set_time_zone succeeded
2025-09-06 15:03:58,528 [INFO] ConfigSets completed
2025-09-06 15:03:58,528 [INFO] -----------------------Build complete-----------------------
2025-09-06 15:04:11,475 [INFO] -----------------------Starting build-----------------------
2025-09-06 15:04:11,482 [INFO] Running configSets: Infra-EmbeddedPostBuild
2025-09-06 15:04:11,485 [INFO] Running configSet Infra-EmbeddedPostBuild
2025-09-06 15:04:11,486 [INFO] ConfigSets completed
2025-09-06 15:04:11,486 [INFO] -----------------------Build complete-----------------------
2025-09-06 15:06:37,419 [INFO] -----------------------Starting build-----------------------
2025-09-06 15:06:37,427 [INFO] Running configSets: Infra-EmbeddedPreBuild
2025-09-06 15:06:37,431 [INFO] Running configSet Infra-EmbeddedPreBuild
2025-09-06 15:06:37,438 [INFO] Running config prebuild_0_hash_proj_v2
2025-09-06 15:06:37,450 [INFO] Command set_time_zone succeeded
2025-09-06 15:06:37,452 [INFO] ConfigSets completed
2025-09-06 15:06:37,453 [INFO] -----------------------Build complete-----------------------
2025-09-06 15:06:49,186 [INFO] -----------------------Starting build-----------------------
2025-09-06 15:06:49,194 [INFO] Running configSets: Infra-EmbeddedPostBuild
2025-09-06 15:06:49,197 [INFO] Running configSet Infra-EmbeddedPostBuild
2025-09-06 15:06:49,198 [INFO] ConfigSets completed
2025-09-06 15:06:49,198 [INFO] -----------------------Build complete-----------------------
2025-09-06 15:15:08,607 [INFO] -----------------------Starting build-----------------------
2025-09-06 15:15:08,615 [INFO] Running configSets: Infra-EmbeddedPreBuild
2025-09-06 15:15:08,618 [INFO] Running configSet Infra-EmbeddedPreBuild
2025-09-06 15:15:08,622 [INFO] Running config prebuild_0_hash_proj_v2
2025-09-06 15:15:08,630 [INFO] Command set_time_zone succeeded
2025-09-06 15:15:08,632 [INFO] ConfigSets completed
2025-09-06 15:15:08,632 [INFO] -----------------------Build complete-----------------------
2025-09-06 15:15:20,874 [INFO] -----------------------Starting build-----------------------
2025-09-06 15:15:20,881 [INFO] Running configSets: Infra-EmbeddedPostBuild
2025-09-06 15:15:20,885 [INFO] Running configSet Infra-EmbeddedPostBuild
2025-09-06 15:15:20,885 [INFO] ConfigSets completed
2025-09-06 15:15:20,885 [INFO] -----------------------Build complete-----------------------
2025-09-06 15:37:23,109 [INFO] -----------------------Starting build-----------------------
2025-09-06 15:37:23,119 [INFO] Running configSets: Infra-EmbeddedPreBuild
2025-09-06 15:37:23,122 [INFO] Running configSet Infra-EmbeddedPreBuild
2025-09-06 15:37:23,125 [INFO] Running config prebuild_0_hash_proj_v2
2025-09-06 15:37:23,134 [INFO] Command set_time_zone succeeded
2025-09-06 15:37:23,135 [INFO] ConfigSets completed
2025-09-06 15:37:23,136 [INFO] -----------------------Build complete-----------------------
2025-09-06 15:37:35,381 [INFO] -----------------------Starting build-----------------------
2025-09-06 15:37:35,387 [INFO] Running configSets: Infra-EmbeddedPostBuild
2025-09-06 15:37:35,391 [INFO] Running configSet Infra-EmbeddedPostBuild
2025-09-06 15:37:35,391 [INFO] ConfigSets completed
2025-09-06 15:37:35,391 [INFO] -----------------------Build complete-----------------------
2025-09-06 16:01:05,053 [INFO] -----------------------Starting build-----------------------
2025-09-06 16:01:05,061 [INFO] Running configSets: Infra-EmbeddedPreBuild
2025-09-06 16:01:05,064 [INFO] Running configSet Infra-EmbeddedPreBuild
2025-09-06 16:01:05,067 [INFO] Running config prebuild_0_hash_proj_v2
2025-09-06 16:01:05,076 [INFO] Command set_time_zone succeeded
2025-09-06 16:01:05,077 [INFO] ConfigSets completed
2025-09-06 16:01:05,077 [INFO] -----------------------Build complete-----------------------
2025-09-06 16:01:17,169 [INFO] -----------------------Starting build-----------------------
2025-09-06 16:01:17,176 [INFO] Running configSets: Infra-EmbeddedPostBuild
2025-09-06 16:01:17,179 [INFO] Running configSet Infra-EmbeddedPostBuild
2025-09-06 16:01:17,179 [INFO] ConfigSets completed
2025-09-06 16:01:17,179 [INFO] -----------------------Build complete-----------------------
2025-09-06 16:09:32,571 [INFO] -----------------------Starting build-----------------------
2025-09-06 16:09:32,580 [INFO] Running configSets: Infra-EmbeddedPreBuild
2025-09-06 16:09:32,583 [INFO] Running configSet Infra-EmbeddedPreBuild
2025-09-06 16:09:32,586 [INFO] Running config prebuild_0_hash_proj_v2
2025-09-06 16:09:32,595 [INFO] Command set_time_zone succeeded
2025-09-06 16:09:32,597 [INFO] ConfigSets completed
2025-09-06 16:09:32,597 [INFO] -----------------------Build complete-----------------------
2025-09-06 16:12:50,712 [INFO] -----------------------Starting build-----------------------
2025-09-06 16:12:50,721 [INFO] Running configSets: Infra-EmbeddedPostBuild
2025-09-06 16:12:50,724 [INFO] Running configSet Infra-EmbeddedPostBuild
2025-09-06 16:12:50,725 [INFO] ConfigSets completed
2025-09-06 16:12:50,725 [INFO] -----------------------Build complete-----------------------
2025-09-06 16:18:29,478 [INFO] -----------------------Starting build-----------------------
2025-09-06 16:18:29,495 [INFO] Running configSets: Infra-EmbeddedPreBuild
2025-09-06 16:18:29,500 [INFO] Running configSet Infra-EmbeddedPreBuild
2025-09-06 16:18:29,505 [INFO] Running config prebuild_0_hash_proj_v2
2025-09-06 16:18:29,527 [INFO] Command set_time_zone succeeded
2025-09-06 16:18:29,530 [INFO] ConfigSets completed
2025-09-06 16:18:29,530 [INFO] -----------------------Build complete-----------------------
2025-09-06 16:18:45,065 [INFO] -----------------------Starting build-----------------------
2025-09-06 16:18:45,081 [INFO] Running configSets: Infra-EmbeddedPostBuild
2025-09-06 16:18:45,085 [INFO] Running configSet Infra-EmbeddedPostBuild
2025-09-06 16:18:45,085 [INFO] ConfigSets completed
2025-09-06 16:18:45,085 [INFO] -----------------------Build complete-----------------------
