2025-09-05 04:48:29,358 [DEBUG] CloudFormation client initialized with endpoint https://cloudformation.ap-northeast-2.amazonaws.com
2025-09-05 04:48:29,358 [DEBUG] SQS client initialized with endpoint https://sqs.ap-northeast-2.amazonaws.com
2025-09-05 04:48:29,358 [DEBUG] CloudFormation client initialized with endpoint https://cloudformation.ap-northeast-2.amazonaws.com
2025-09-05 04:48:29,359 [DEBUG] Enabled single threading mode.
2025-09-05 04:48:29,359 [DEBUG] Creating /var/lib/cfn-hup/data
2025-09-05 04:48:29,370 [INFO] No umask value specified in config file. Using the default one: 0o22
2025-09-05 04:48:29,418 [INFO] Pid: 1852
2025-09-05 04:48:29,768 [INFO] Refreshing listener credentials
2025-09-05 04:48:29,864 [INFO] Scheduling next credential refresh in 1799.0 seconds
2025-09-05 04:50:29,377 [INFO] Received command ElasticBeanstalkCommand-AWSEBAutoScalingGroup (invocation id: 5f3d8444-7baf-430c-ab3b-e47e8f67d039)
2025-09-05 04:50:29,377 [INFO] Running action for aws-eb-command-handler
2025-09-05 04:52:15,943 [INFO] Action for aws-eb-command-handler succeeded, returning SUCCESS
2025-09-05 13:52:58,284 [INFO] Received command ElasticBeanstalkCommand-AWSEBAutoScalingGroup (invocation id: 681d0454-f96f-416f-b10b-752ec05cbece)
2025-09-05 13:52:58,285 [INFO] Running action for aws-eb-command-handler
2025-09-05 13:53:40,905 [INFO] Action for aws-eb-command-handler succeeded, returning SUCCESS
2025-09-05 13:53:41,043 [INFO] command processing is alive.
2025-09-05 13:54:22,353 [INFO] Received command ElasticBeanstalkCommand-AWSEBAutoScalingGroup (invocation id: edcdba72-81c7-4fc4-8f49-31582cefd235)
2025-09-05 13:54:22,353 [INFO] Running action for aws-eb-command-handler
2025-09-05 13:55:02,973 [INFO] Action for aws-eb-command-handler succeeded, returning SUCCESS
2025-09-05 13:56:23,782 [INFO] Received command ElasticBeanstalkCommand-AWSEBAutoScalingGroup (invocation id: 2b94e460-2ddc-4b65-945e-2ba8c69061ac)
2025-09-05 13:56:23,783 [INFO] Running action for aws-eb-command-handler
2025-09-05 13:56:24,946 [INFO] Action for aws-eb-command-handler succeeded, returning SUCCESS
2025-09-05 13:56:48,342 [INFO] Received command ElasticBeanstalkCommand-AWSEBAutoScalingGroup (invocation id: 8ccce842-77f1-46d4-a1a8-d34a7e7231b7)
2025-09-05 13:56:48,342 [INFO] Running action for aws-eb-command-handler
2025-09-05 13:56:49,480 [INFO] Action for aws-eb-command-handler succeeded, returning SUCCESS
2025-09-05 13:58:49,754 [INFO] command processing is alive.
2025-09-05 14:03:50,351 [INFO] command processing is alive.
2025-09-05 14:08:50,945 [INFO] command processing is alive.
2025-09-05 14:13:51,474 [INFO] command processing is alive.
2025-09-05 14:14:31,683 [INFO] Received command ElasticBeanstalkCommand-AWSEBAutoScalingGroup (invocation id: be13c2e4-12ef-45ef-9f5a-a2ea87bf45e5)
2025-09-05 14:14:31,683 [INFO] Running action for aws-eb-command-handler
2025-09-05 14:15:12,904 [INFO] Action for aws-eb-command-handler succeeded, returning SUCCESS
2025-09-05 14:16:14,670 [INFO] Received command ElasticBeanstalkCommand-AWSEBAutoScalingGroup (invocation id: 06c17350-e82f-4d83-b16a-bd3ce19afa20)
2025-09-05 14:16:14,671 [INFO] Running action for aws-eb-command-handler
2025-09-05 14:16:57,041 [INFO] Action for aws-eb-command-handler succeeded, returning SUCCESS
2025-09-05 14:18:28,865 [INFO] Refreshing listener credentials
2025-09-05 14:18:28,965 [INFO] Scheduling next credential refresh in 1799.0 seconds
2025-09-05 14:18:57,411 [INFO] command processing is alive.
2025-09-05 14:20:45,830 [INFO] Received command ElasticBeanstalkCommand-AWSEBAutoScalingGroup (invocation id: 0c16a0b1-5d97-4f15-b48c-50140a237620)
2025-09-05 14:20:45,830 [INFO] Running action for aws-eb-command-handler
2025-09-05 14:20:55,169 [INFO] Action for aws-eb-command-handler succeeded, returning SUCCESS
2025-09-05 14:21:11,006 [INFO] Received command ElasticBeanstalkCommand-AWSEBAutoScalingGroup (invocation id: 26ea9d1a-f81d-453b-81ae-d7dd3980a50d)
2025-09-05 14:21:11,006 [INFO] Running action for aws-eb-command-handler
2025-09-05 14:21:12,171 [INFO] Action for aws-eb-command-handler succeeded, returning SUCCESS
2025-09-05 14:22:34,668 [INFO] Received command ElasticBeanstalkCommand-AWSEBAutoScalingGroup (invocation id: 2a7c67b4-d381-4c18-9e1e-d91b27568771)
2025-09-05 14:22:34,668 [INFO] Running action for aws-eb-command-handler
2025-09-05 14:23:06,117 [INFO] Action for aws-eb-command-handler succeeded, returning SUCCESS
2025-09-05 14:23:28,086 [INFO] Received command ElasticBeanstalkCommand-AWSEBAutoScalingGroup (invocation id: e07f75ea-5547-4a1d-b647-77ee0e6f00c9)
2025-09-05 14:23:28,087 [INFO] Running action for aws-eb-command-handler
2025-09-05 14:23:29,588 [INFO] Action for aws-eb-command-handler succeeded, returning SUCCESS
2025-09-05 14:24:09,725 [INFO] command processing is alive.
2025-09-05 14:24:40,575 [INFO] Received command ElasticBeanstalkCommand-AWSEBAutoScalingGroup (invocation id: c41474a2-3180-480e-8791-bda838885087)
2025-09-05 14:24:40,576 [INFO] Running action for aws-eb-command-handler
2025-09-05 14:24:49,630 [INFO] Action for aws-eb-command-handler succeeded, returning SUCCESS
2025-09-05 14:25:05,762 [INFO] Received command ElasticBeanstalkCommand-AWSEBAutoScalingGroup (invocation id: ca34bf55-2d42-45b2-bfb8-fcea8018a033)
2025-09-05 14:25:05,762 [INFO] Running action for aws-eb-command-handler
2025-09-05 14:25:06,832 [INFO] Action for aws-eb-command-handler succeeded, returning SUCCESS
2025-09-05 14:27:21,417 [INFO] Received command ElasticBeanstalkCommand-AWSEBAutoScalingGroup (invocation id: 0eab7957-f783-4c3c-b239-44484ddcebfa)
2025-09-05 14:27:21,417 [INFO] Running action for aws-eb-command-handler
2025-09-05 14:33:44,730 [INFO] Action for aws-eb-command-handler succeeded, returning SUCCESS
2025-09-05 14:33:44,832 [INFO] command processing is alive.
2025-09-05 14:33:53,319 [INFO] Received command ElasticBeanstalkCommand-AWSEBAutoScalingGroup (invocation id: 490665b6-539f-4a2b-b880-9233f4d453e6)
2025-09-05 14:33:53,319 [INFO] Running action for aws-eb-command-handler
2025-09-05 14:33:54,315 [INFO] Action for aws-eb-command-handler succeeded, returning SUCCESS
2025-09-05 14:35:22,746 [INFO] Received command ElasticBeanstalkCommand-AWSEBAutoScalingGroup (invocation id: 7c00debe-eeaa-48c4-9ba8-0e02a49b68a2)
2025-09-05 14:35:22,746 [INFO] Running action for aws-eb-command-handler
2025-09-05 14:39:04,788 [INFO] Action for aws-eb-command-handler succeeded, returning SUCCESS
2025-09-05 14:39:04,930 [INFO] command processing is alive.
2025-09-05 14:39:36,446 [INFO] Received command ElasticBeanstalkCommand-AWSEBAutoScalingGroup (invocation id: 81e83ef8-3098-4c08-83a2-8fbb54857d72)
2025-09-05 14:39:36,447 [INFO] Running action for aws-eb-command-handler
2025-09-05 14:39:38,020 [INFO] Action for aws-eb-command-handler succeeded, returning SUCCESS
2025-09-05 14:43:33,284 [INFO] Received command ElasticBeanstalkCommand-AWSEBAutoScalingGroup (invocation id: 52b17e90-a159-49c9-82f9-c041f694b70b)
2025-09-05 14:43:33,284 [INFO] Running action for aws-eb-command-handler
2025-09-05 14:44:08,714 [INFO] Action for aws-eb-command-handler succeeded, returning SUCCESS
2025-09-05 14:44:08,860 [INFO] command processing is alive.
2025-09-05 14:47:40,546 [INFO] Received command ElasticBeanstalkCommand-AWSEBAutoScalingGroup (invocation id: 565b2adf-9595-46ac-8f47-df12c418f2e8)
2025-09-05 14:47:40,547 [INFO] Running action for aws-eb-command-handler
2025-09-05 14:48:13,268 [INFO] Action for aws-eb-command-handler succeeded, returning SUCCESS
2025-09-05 14:48:27,965 [INFO] Refreshing listener credentials
2025-09-05 14:48:28,102 [INFO] Scheduling next credential refresh in 1799.0 seconds
2025-09-05 14:49:13,555 [INFO] command processing is alive.
2025-09-05 14:49:48,965 [INFO] Received command ElasticBeanstalkCommand-AWSEBAutoScalingGroup (invocation id: d200a329-5b3b-44a4-9cfd-0d7a9a84d002)
2025-09-05 14:49:48,965 [INFO] Running action for aws-eb-command-handler
2025-09-05 14:50:22,993 [INFO] Action for aws-eb-command-handler succeeded, returning SUCCESS
2025-09-05 14:54:23,593 [INFO] command processing is alive.
2025-09-05 14:55:26,280 [INFO] Received command ElasticBeanstalkCommand-AWSEBAutoScalingGroup (invocation id: 367076f0-d461-471a-a978-3620558c9275)
2025-09-05 14:55:26,280 [INFO] Running action for aws-eb-command-handler
2025-09-05 14:59:08,482 [INFO] Action for aws-eb-command-handler succeeded, returning SUCCESS
2025-09-05 14:59:28,753 [INFO] command processing is alive.
2025-09-05 15:02:55,676 [INFO] Received command ElasticBeanstalkCommand-AWSEBAutoScalingGroup (invocation id: 97f9bd9d-31ca-4e2b-83c2-0e6c9884ed40)
2025-09-05 15:02:55,676 [INFO] Running action for aws-eb-command-handler
2025-09-05 15:03:31,646 [INFO] Action for aws-eb-command-handler succeeded, returning SUCCESS
2025-09-05 15:04:31,930 [INFO] command processing is alive.
2025-09-05 15:09:32,455 [INFO] command processing is alive.
2025-09-05 15:14:32,938 [INFO] command processing is alive.
2025-09-05 15:18:27,104 [INFO] Refreshing listener credentials
2025-09-05 15:18:27,206 [INFO] Scheduling next credential refresh in 1799.0 seconds
2025-09-05 15:19:33,436 [INFO] command processing is alive.
2025-09-05 15:24:33,956 [INFO] command processing is alive.
2025-09-05 15:25:04,714 [INFO] Received command ElasticBeanstalkCommand-AWSEBAutoScalingGroup (invocation id: dcc45e43-3147-4251-b170-96b02aee8e5c)
2025-09-05 15:25:04,714 [INFO] Running action for aws-eb-command-handler
2025-09-05 15:25:50,942 [INFO] Action for aws-eb-command-handler succeeded, returning SUCCESS
2025-09-05 15:29:51,650 [INFO] command processing is alive.
2025-09-05 15:34:52,177 [INFO] command processing is alive.
2025-09-05 15:35:13,078 [INFO] Received command ElasticBeanstalkCommand-AWSEBAutoScalingGroup (invocation id: a07a4738-1d69-42c1-bdd6-d7b1213236b4)
2025-09-05 15:35:13,078 [INFO] Running action for aws-eb-command-handler
2025-09-05 15:39:10,794 [INFO] Action for aws-eb-command-handler succeeded, returning SUCCESS
2025-09-05 15:40:11,104 [INFO] command processing is alive.
2025-09-05 15:40:45,583 [INFO] Received command ElasticBeanstalkCommand-AWSEBAutoScalingGroup (invocation id: 4a2d9979-bd65-46ca-86a0-983ad3e50bae)
2025-09-05 15:40:45,583 [INFO] Running action for aws-eb-command-handler
2025-09-05 15:40:46,843 [INFO] Action for aws-eb-command-handler succeeded, returning SUCCESS
2025-09-05 15:42:10,256 [INFO] Received command ElasticBeanstalkCommand-AWSEBAutoScalingGroup (invocation id: 9e5d945a-dd94-4c6e-b890-d6488be755af)
2025-09-05 15:42:10,257 [INFO] Running action for aws-eb-command-handler
2025-09-05 15:42:11,265 [INFO] Action for aws-eb-command-handler succeeded, returning SUCCESS
2025-09-05 15:42:33,728 [INFO] Received command ElasticBeanstalkCommand-AWSEBAutoScalingGroup (invocation id: b965fe97-10d5-4166-9f0a-6c0313434f1e)
2025-09-05 15:42:33,728 [INFO] Running action for aws-eb-command-handler
2025-09-05 15:43:18,724 [INFO] Action for aws-eb-command-handler succeeded, returning SUCCESS
2025-09-05 15:44:09,851 [INFO] Received command ElasticBeanstalkCommand-AWSEBAutoScalingGroup (invocation id: 1eb7bd71-56e9-486a-a4e2-31e5b7bc6780)
2025-09-05 15:44:09,852 [INFO] Running action for aws-eb-command-handler
2025-09-05 15:44:42,404 [INFO] Action for aws-eb-command-handler succeeded, returning SUCCESS
2025-09-05 15:45:22,660 [INFO] command processing is alive.
2025-09-05 15:48:26,207 [INFO] Refreshing listener credentials
2025-09-05 15:48:26,296 [INFO] Scheduling next credential refresh in 1799.0 seconds
2025-09-05 15:50:23,158 [INFO] command processing is alive.
2025-09-05 15:52:33,324 [INFO] Received command ElasticBeanstalkCommand-AWSEBAutoScalingGroup (invocation id: 38f674f1-b78f-420d-b35b-a8bfb9fe8972)
2025-09-05 15:52:33,324 [INFO] Running action for aws-eb-command-handler
2025-09-05 15:56:21,543 [INFO] Action for aws-eb-command-handler succeeded, returning SUCCESS
2025-09-05 15:56:21,727 [INFO] command processing is alive.
2025-09-05 16:01:22,384 [INFO] command processing is alive.
2025-09-05 16:06:22,877 [INFO] command processing is alive.
2025-09-05 16:11:23,416 [INFO] command processing is alive.
2025-09-05 16:16:23,935 [INFO] command processing is alive.
2025-09-05 16:18:25,298 [INFO] Refreshing listener credentials
2025-09-05 16:18:25,388 [INFO] Scheduling next credential refresh in 1799.0 seconds
2025-09-05 16:21:24,429 [INFO] command processing is alive.
2025-09-05 16:26:24,928 [INFO] command processing is alive.
2025-09-05 16:31:25,442 [INFO] command processing is alive.
2025-09-05 16:36:25,940 [INFO] command processing is alive.
2025-09-05 16:41:26,478 [INFO] command processing is alive.
2025-09-05 16:46:26,967 [INFO] command processing is alive.
2025-09-05 16:48:24,389 [INFO] Refreshing listener credentials
2025-09-05 16:48:24,479 [INFO] Scheduling next credential refresh in 1799.0 seconds
2025-09-05 16:51:27,507 [INFO] command processing is alive.
2025-09-05 16:56:27,997 [INFO] command processing is alive.
2025-09-05 17:01:28,519 [INFO] command processing is alive.
2025-09-05 17:06:29,014 [INFO] command processing is alive.
2025-09-05 17:11:29,503 [INFO] command processing is alive.
2025-09-05 17:16:29,993 [INFO] command processing is alive.
2025-09-05 17:18:23,479 [INFO] Refreshing listener credentials
2025-09-05 17:18:23,567 [INFO] Scheduling next credential refresh in 1799.0 seconds
2025-09-05 17:21:30,506 [INFO] command processing is alive.
2025-09-05 17:26:30,991 [INFO] command processing is alive.
2025-09-05 17:31:31,503 [INFO] command processing is alive.
2025-09-05 17:36:32,024 [INFO] command processing is alive.
2025-09-05 17:41:32,512 [INFO] command processing is alive.
2025-09-05 17:46:32,995 [INFO] command processing is alive.
2025-09-05 17:48:22,567 [INFO] Refreshing listener credentials
2025-09-05 17:48:22,660 [INFO] Scheduling next credential refresh in 1799.0 seconds
2025-09-05 17:51:33,497 [INFO] command processing is alive.
2025-09-05 17:56:33,995 [INFO] command processing is alive.
2025-09-05 18:01:34,504 [INFO] command processing is alive.
2025-09-05 18:06:34,997 [INFO] command processing is alive.
2025-09-05 18:11:35,508 [INFO] command processing is alive.
2025-09-05 18:16:36,014 [INFO] command processing is alive.
2025-09-05 18:18:21,660 [INFO] Refreshing listener credentials
2025-09-05 18:18:21,748 [INFO] Scheduling next credential refresh in 1799.0 seconds
2025-09-05 18:21:36,507 [INFO] command processing is alive.
2025-09-05 18:26:36,989 [INFO] command processing is alive.
2025-09-05 18:31:37,496 [INFO] command processing is alive.
2025-09-05 18:36:37,991 [INFO] command processing is alive.
2025-09-05 18:41:38,475 [INFO] command processing is alive.
2025-09-05 18:46:39,032 [INFO] command processing is alive.
2025-09-05 18:48:20,748 [INFO] Refreshing listener credentials
2025-09-05 18:48:20,843 [INFO] Scheduling next credential refresh in 1799.0 seconds
2025-09-05 18:51:39,519 [INFO] command processing is alive.
2025-09-05 18:56:40,015 [INFO] command processing is alive.
2025-09-05 19:01:40,508 [INFO] command processing is alive.
2025-09-05 19:06:41,051 [INFO] command processing is alive.
2025-09-05 19:11:41,581 [INFO] command processing is alive.
2025-09-05 19:16:42,077 [INFO] command processing is alive.
2025-09-05 19:18:19,843 [INFO] Refreshing listener credentials
2025-09-05 19:18:19,939 [INFO] Scheduling next credential refresh in 1799.0 seconds
2025-09-05 19:21:42,604 [INFO] command processing is alive.
2025-09-05 19:26:43,139 [INFO] command processing is alive.
2025-09-05 19:31:43,716 [INFO] command processing is alive.
2025-09-05 19:36:44,201 [INFO] command processing is alive.
2025-09-05 19:41:44,691 [INFO] command processing is alive.
2025-09-05 19:46:45,185 [INFO] command processing is alive.
2025-09-05 19:48:18,940 [INFO] Refreshing listener credentials
2025-09-05 19:48:19,036 [INFO] Scheduling next credential refresh in 1799.0 seconds
2025-09-05 19:51:45,671 [INFO] command processing is alive.
2025-09-05 19:56:46,172 [INFO] command processing is alive.
2025-09-05 20:01:46,695 [INFO] command processing is alive.
2025-09-05 20:06:47,181 [INFO] command processing is alive.
2025-09-05 20:11:47,685 [INFO] command processing is alive.
2025-09-05 20:16:48,157 [INFO] command processing is alive.
2025-09-05 20:18:18,036 [INFO] Refreshing listener credentials
2025-09-05 20:18:18,128 [INFO] Scheduling next credential refresh in 1799.0 seconds
2025-09-05 20:21:48,662 [INFO] command processing is alive.
2025-09-05 20:26:49,184 [INFO] command processing is alive.
2025-09-05 20:31:49,675 [INFO] command processing is alive.
2025-09-05 20:36:50,168 [INFO] command processing is alive.
2025-09-05 20:41:50,688 [INFO] command processing is alive.
2025-09-05 20:46:51,189 [INFO] command processing is alive.
2025-09-05 20:48:17,129 [INFO] Refreshing listener credentials
2025-09-05 20:48:17,215 [INFO] Scheduling next credential refresh in 1799.0 seconds
2025-09-05 20:51:51,698 [INFO] command processing is alive.
2025-09-05 20:56:52,174 [INFO] command processing is alive.
2025-09-05 21:01:52,674 [INFO] command processing is alive.
2025-09-05 21:06:53,149 [INFO] command processing is alive.
2025-09-05 21:11:53,737 [INFO] command processing is alive.
2025-09-05 21:16:54,216 [INFO] command processing is alive.
2025-09-05 21:18:16,215 [INFO] Refreshing listener credentials
2025-09-05 21:18:16,310 [INFO] Scheduling next credential refresh in 1799.0 seconds
2025-09-05 21:21:54,711 [INFO] command processing is alive.
2025-09-05 21:26:55,207 [INFO] command processing is alive.
2025-09-05 21:31:55,690 [INFO] command processing is alive.
2025-09-05 21:36:56,171 [INFO] command processing is alive.
2025-09-05 21:41:56,679 [INFO] command processing is alive.
2025-09-05 21:46:57,171 [INFO] command processing is alive.
2025-09-05 21:48:15,310 [INFO] Refreshing listener credentials
2025-09-05 21:48:15,406 [INFO] Scheduling next credential refresh in 1799.0 seconds
2025-09-05 21:51:57,674 [INFO] command processing is alive.
2025-09-05 21:56:58,166 [INFO] command processing is alive.
2025-09-05 22:01:58,664 [INFO] command processing is alive.
2025-09-05 22:06:59,135 [INFO] command processing is alive.
2025-09-05 22:11:59,631 [INFO] command processing is alive.
2025-09-05 22:17:00,164 [INFO] command processing is alive.
2025-09-05 22:18:14,406 [INFO] Refreshing listener credentials
2025-09-05 22:18:14,499 [INFO] Scheduling next credential refresh in 1799.0 seconds
2025-09-05 22:22:00,651 [INFO] command processing is alive.
2025-09-05 22:27:01,138 [INFO] command processing is alive.
2025-09-05 22:32:01,630 [INFO] command processing is alive.
2025-09-05 22:37:02,116 [INFO] command processing is alive.
2025-09-05 22:42:02,621 [INFO] command processing is alive.
2025-09-05 22:47:03,114 [INFO] command processing is alive.
2025-09-05 22:48:13,500 [INFO] Refreshing listener credentials
2025-09-05 22:48:13,589 [INFO] Scheduling next credential refresh in 1799.0 seconds
2025-09-05 22:52:03,596 [INFO] command processing is alive.
2025-09-05 22:57:04,083 [INFO] command processing is alive.
2025-09-05 23:02:04,570 [INFO] command processing is alive.
2025-09-05 23:07:05,067 [INFO] command processing is alive.
2025-09-05 23:12:05,553 [INFO] command processing is alive.
2025-09-05 23:17:06,067 [INFO] command processing is alive.
2025-09-05 23:18:12,589 [INFO] Refreshing listener credentials
2025-09-05 23:18:12,691 [INFO] Scheduling next credential refresh in 1799.0 seconds
2025-09-05 23:22:06,557 [INFO] command processing is alive.
2025-09-05 23:27:07,033 [INFO] command processing is alive.
2025-09-05 23:32:07,504 [INFO] command processing is alive.
2025-09-05 23:37:08,009 [INFO] command processing is alive.
2025-09-05 23:42:08,467 [INFO] command processing is alive.
2025-09-05 23:47:08,944 [INFO] command processing is alive.
2025-09-05 23:48:11,691 [INFO] Refreshing listener credentials
2025-09-05 23:48:11,775 [INFO] Scheduling next credential refresh in 1799.0 seconds
2025-09-05 23:52:09,419 [INFO] command processing is alive.
2025-09-05 23:57:09,898 [INFO] command processing is alive.
2025-09-06 00:02:10,384 [INFO] command processing is alive.
2025-09-06 00:07:10,889 [INFO] command processing is alive.
2025-09-06 00:12:11,391 [INFO] command processing is alive.
2025-09-06 00:17:11,885 [INFO] command processing is alive.
2025-09-06 00:18:10,775 [INFO] Refreshing listener credentials
2025-09-06 00:18:10,869 [INFO] Scheduling next credential refresh in 1799.0 seconds
2025-09-06 00:22:12,363 [INFO] command processing is alive.
2025-09-06 00:27:12,863 [INFO] command processing is alive.
2025-09-06 00:30:54,518 [INFO] Received command ElasticBeanstalkCommand-AWSEBAutoScalingGroup (invocation id: b81feea7-cf30-4273-87e8-95573415252a)
2025-09-06 00:30:54,518 [INFO] Running action for aws-eb-command-handler
2025-09-06 00:31:39,444 [INFO] Action for aws-eb-command-handler succeeded, returning SUCCESS
2025-09-06 00:32:19,692 [INFO] command processing is alive.
2025-09-06 00:37:20,198 [INFO] command processing is alive.
2025-09-06 00:42:20,683 [INFO] command processing is alive.
2025-09-06 00:47:21,195 [INFO] command processing is alive.
2025-09-06 00:48:09,869 [INFO] Refreshing listener credentials
2025-09-06 00:48:09,965 [INFO] Scheduling next credential refresh in 1799.0 seconds
2025-09-06 00:52:21,696 [INFO] command processing is alive.
2025-09-06 00:57:22,178 [INFO] command processing is alive.
2025-09-06 01:02:22,671 [INFO] command processing is alive.
2025-09-06 01:07:23,160 [INFO] command processing is alive.
2025-09-06 01:12:23,644 [INFO] command processing is alive.
2025-09-06 01:17:24,121 [INFO] command processing is alive.
2025-09-06 01:18:08,965 [INFO] Refreshing listener credentials
2025-09-06 01:18:09,053 [INFO] Scheduling next credential refresh in 1799.0 seconds
2025-09-06 01:22:24,623 [INFO] command processing is alive.
2025-09-06 01:27:25,119 [INFO] command processing is alive.
2025-09-06 01:32:25,612 [INFO] command processing is alive.
2025-09-06 01:37:26,127 [INFO] command processing is alive.
2025-09-06 01:42:26,641 [INFO] command processing is alive.
2025-09-06 01:47:27,149 [INFO] command processing is alive.
2025-09-06 01:48:08,053 [INFO] Refreshing listener credentials
2025-09-06 01:48:08,149 [INFO] Scheduling next credential refresh in 1799.0 seconds
2025-09-06 01:52:27,670 [INFO] command processing is alive.
2025-09-06 01:57:28,157 [INFO] command processing is alive.
2025-09-06 02:02:28,649 [INFO] command processing is alive.
2025-09-06 02:07:29,144 [INFO] command processing is alive.
2025-09-06 02:12:29,644 [INFO] command processing is alive.
2025-09-06 02:17:30,139 [INFO] command processing is alive.
2025-09-06 02:18:07,149 [INFO] Refreshing listener credentials
2025-09-06 02:18:07,243 [INFO] Scheduling next credential refresh in 1799.0 seconds
2025-09-06 02:22:30,623 [INFO] command processing is alive.
2025-09-06 02:27:31,118 [INFO] command processing is alive.
2025-09-06 02:32:31,621 [INFO] command processing is alive.
2025-09-06 02:37:32,094 [INFO] command processing is alive.
2025-09-06 02:42:32,626 [INFO] command processing is alive.
2025-09-06 02:47:33,114 [INFO] command processing is alive.
2025-09-06 02:48:06,243 [INFO] Refreshing listener credentials
2025-09-06 02:48:06,335 [INFO] Scheduling next credential refresh in 1799.0 seconds
2025-09-06 02:52:33,604 [INFO] command processing is alive.
2025-09-06 02:57:34,082 [INFO] command processing is alive.
2025-09-06 03:02:34,591 [INFO] command processing is alive.
2025-09-06 03:07:35,089 [INFO] command processing is alive.
2025-09-06 03:12:35,581 [INFO] command processing is alive.
2025-09-06 03:17:36,075 [INFO] command processing is alive.
2025-09-06 03:18:05,336 [INFO] Refreshing listener credentials
2025-09-06 03:18:05,426 [INFO] Scheduling next credential refresh in 1799.0 seconds
2025-09-06 03:22:36,575 [INFO] command processing is alive.
2025-09-06 03:27:37,092 [INFO] command processing is alive.
2025-09-06 03:32:37,617 [INFO] command processing is alive.
2025-09-06 03:37:38,091 [INFO] command processing is alive.
2025-09-06 03:42:38,569 [INFO] command processing is alive.
2025-09-06 03:47:39,052 [INFO] command processing is alive.
2025-09-06 03:48:04,427 [INFO] Refreshing listener credentials
2025-09-06 03:48:04,515 [INFO] Scheduling next credential refresh in 1799.0 seconds
2025-09-06 03:52:39,525 [INFO] command processing is alive.
2025-09-06 03:57:39,997 [INFO] command processing is alive.
2025-09-06 04:02:40,480 [INFO] command processing is alive.
2025-09-06 04:07:40,953 [INFO] command processing is alive.
2025-09-06 04:12:41,433 [INFO] command processing is alive.
2025-09-06 04:17:41,919 [INFO] command processing is alive.
2025-09-06 04:18:03,516 [INFO] Refreshing listener credentials
2025-09-06 04:18:03,602 [INFO] Scheduling next credential refresh in 1799.0 seconds
2025-09-06 04:22:42,404 [INFO] command processing is alive.
2025-09-06 04:27:42,915 [INFO] command processing is alive.
2025-09-06 04:32:43,400 [INFO] command processing is alive.
2025-09-06 04:37:43,892 [INFO] command processing is alive.
2025-09-06 04:42:44,411 [INFO] command processing is alive.
2025-09-06 04:47:44,891 [INFO] command processing is alive.
2025-09-06 04:48:02,603 [INFO] Refreshing listener credentials
2025-09-06 04:48:02,713 [INFO] Scheduling next credential refresh in 1799.0 seconds
2025-09-06 04:52:45,385 [INFO] command processing is alive.
2025-09-06 04:57:45,900 [INFO] command processing is alive.
2025-09-06 05:02:46,403 [INFO] command processing is alive.
2025-09-06 05:07:46,893 [INFO] command processing is alive.
2025-09-06 05:12:47,386 [INFO] command processing is alive.
2025-09-06 05:17:47,875 [INFO] command processing is alive.
2025-09-06 05:18:01,713 [INFO] Refreshing listener credentials
2025-09-06 05:18:01,810 [INFO] Scheduling next credential refresh in 1799.0 seconds
2025-09-06 05:22:48,368 [INFO] command processing is alive.
2025-09-06 05:27:48,853 [INFO] command processing is alive.
2025-09-06 05:32:49,335 [INFO] command processing is alive.
2025-09-06 05:37:49,804 [INFO] command processing is alive.
2025-09-06 05:42:50,282 [INFO] command processing is alive.
2025-09-06 05:47:50,758 [INFO] command processing is alive.
2025-09-06 05:48:00,811 [INFO] Refreshing listener credentials
2025-09-06 05:48:00,900 [INFO] Scheduling next credential refresh in 1799.0 seconds
2025-09-06 05:52:51,239 [INFO] command processing is alive.
2025-09-06 05:57:51,717 [INFO] command processing is alive.
2025-09-06 06:02:52,203 [INFO] command processing is alive.
2025-09-06 06:07:52,695 [INFO] command processing is alive.
2025-09-06 06:12:53,195 [INFO] command processing is alive.
2025-09-06 06:17:53,696 [INFO] command processing is alive.
2025-09-06 06:17:59,900 [INFO] Refreshing listener credentials
2025-09-06 06:17:59,986 [INFO] Scheduling next credential refresh in 1799.0 seconds
2025-09-06 06:22:54,186 [INFO] command processing is alive.
2025-09-06 06:27:54,719 [INFO] command processing is alive.
2025-09-06 06:32:55,221 [INFO] command processing is alive.
2025-09-06 06:37:55,708 [INFO] command processing is alive.
2025-09-06 06:42:56,205 [INFO] command processing is alive.
2025-09-06 06:47:56,726 [INFO] command processing is alive.
2025-09-06 06:47:58,987 [INFO] Refreshing listener credentials
2025-09-06 06:47:59,079 [INFO] Scheduling next credential refresh in 1799.0 seconds
2025-09-06 06:51:48,881 [INFO] Received command ElasticBeanstalkCommand-AWSEBAutoScalingGroup (invocation id: 60c3c532-f919-4afb-9822-b1efdca91152)
2025-09-06 06:51:48,882 [INFO] Running action for aws-eb-command-handler
2025-09-06 06:57:18,644 [INFO] Action for aws-eb-command-handler succeeded, returning SUCCESS
2025-09-06 06:57:18,830 [INFO] command processing is alive.
2025-09-06 06:58:54,242 [INFO] Received command ElasticBeanstalkCommand-AWSEBAutoScalingGroup (invocation id: bb460465-6f6f-412f-b0e6-bb92b64c367b)
2025-09-06 06:58:54,243 [INFO] Running action for aws-eb-command-handler
2025-09-06 06:59:38,871 [INFO] Action for aws-eb-command-handler succeeded, returning SUCCESS
2025-09-06 07:01:37,671 [INFO] Received command ElasticBeanstalkCommand-AWSEBAutoScalingGroup (invocation id: 79fbb7f7-b28a-498e-91b6-2342d3b44f75)
2025-09-06 07:01:37,671 [INFO] Running action for aws-eb-command-handler
2025-09-06 07:01:39,055 [INFO] Action for aws-eb-command-handler succeeded, returning SUCCESS
2025-09-06 07:02:19,199 [INFO] command processing is alive.
2025-09-06 07:02:53,474 [INFO] Received command ElasticBeanstalkCommand-AWSEBAutoScalingGroup (invocation id: de5c1d59-4add-4e84-92ac-eea7ff694787)
2025-09-06 07:02:53,474 [INFO] Running action for aws-eb-command-handler
2025-09-06 07:02:54,458 [INFO] Action for aws-eb-command-handler succeeded, returning SUCCESS
2025-09-06 07:04:13,845 [INFO] Received command ElasticBeanstalkCommand-AWSEBAutoScalingGroup (invocation id: 415bb773-7b2b-460b-8a06-4b07a75e1a2b)
2025-09-06 07:04:13,845 [INFO] Running action for aws-eb-command-handler
2025-09-06 07:04:57,612 [INFO] Action for aws-eb-command-handler succeeded, returning SUCCESS
2025-09-06 07:07:26,054 [INFO] Received command ElasticBeanstalkCommand-AWSEBAutoScalingGroup (invocation id: a641f7fd-d90b-498e-88d3-7b714f282103)
2025-09-06 07:07:26,054 [INFO] Running action for aws-eb-command-handler
2025-09-06 07:08:08,741 [INFO] Action for aws-eb-command-handler succeeded, returning SUCCESS
2025-09-06 07:08:08,899 [INFO] command processing is alive.
2025-09-06 07:09:34,405 [INFO] Received command ElasticBeanstalkCommand-AWSEBAutoScalingGroup (invocation id: a7edc16b-15f6-4d8e-a0bb-d711b56fcb3c)
2025-09-06 07:09:34,406 [INFO] Running action for aws-eb-command-handler
2025-09-06 07:09:35,807 [INFO] Action for aws-eb-command-handler succeeded, returning SUCCESS
2025-09-06 07:13:16,255 [INFO] command processing is alive.
2025-09-06 07:17:39,653 [INFO] Received command ElasticBeanstalkCommand-AWSEBAutoScalingGroup (invocation id: 2dbad30e-28bd-442e-9d35-24af96252688)
2025-09-06 07:17:39,653 [INFO] Running action for aws-eb-command-handler
2025-09-06 07:17:58,080 [INFO] Refreshing listener credentials
2025-09-06 07:17:58,164 [INFO] Scheduling next credential refresh in 1799.0 seconds
2025-09-06 07:18:23,856 [INFO] Action for aws-eb-command-handler succeeded, returning SUCCESS
2025-09-06 07:18:24,019 [INFO] command processing is alive.
2025-09-06 07:23:24,560 [INFO] command processing is alive.
2025-09-06 07:28:25,040 [INFO] command processing is alive.
2025-09-06 07:29:24,609 [INFO] Received command ElasticBeanstalkCommand-AWSEBAutoScalingGroup (invocation id: 61f4ea38-d901-46f3-b587-29752b941dfd)
2025-09-06 07:29:24,609 [INFO] Running action for aws-eb-command-handler
2025-09-06 07:29:25,572 [INFO] Action for aws-eb-command-handler succeeded, returning SUCCESS
2025-09-06 07:33:26,040 [INFO] command processing is alive.
2025-09-06 07:35:14,620 [INFO] Received command ElasticBeanstalkCommand-AWSEBAutoScalingGroup (invocation id: 99547c4f-e616-423b-b524-df3fb141fb50)
2025-09-06 07:35:14,620 [INFO] Running action for aws-eb-command-handler
2025-09-06 07:35:16,025 [INFO] Action for aws-eb-command-handler succeeded, returning SUCCESS
2025-09-06 07:38:36,426 [INFO] command processing is alive.
2025-09-06 07:43:36,912 [INFO] command processing is alive.
2025-09-06 07:47:57,165 [INFO] Refreshing listener credentials
2025-09-06 07:47:57,254 [INFO] Scheduling next credential refresh in 1799.0 seconds
2025-09-06 07:48:29,953 [INFO] Received command ElasticBeanstalkCommand-AWSEBAutoScalingGroup (invocation id: 80ad9b87-698e-41a9-819a-4e46bb5e24fb)
2025-09-06 07:48:29,953 [INFO] Running action for aws-eb-command-handler
2025-09-06 07:49:14,782 [INFO] Action for aws-eb-command-handler succeeded, returning SUCCESS
2025-09-06 07:49:14,930 [INFO] command processing is alive.
2025-09-06 07:54:15,465 [INFO] command processing is alive.
2025-09-06 07:57:40,600 [INFO] Received command ElasticBeanstalkCommand-AWSEBAutoScalingGroup (invocation id: a7131649-8dc2-4557-8357-3930b02117bd)
2025-09-06 07:57:40,601 [INFO] Running action for aws-eb-command-handler
2025-09-06 07:58:25,031 [INFO] Action for aws-eb-command-handler succeeded, returning SUCCESS
2025-09-06 07:59:25,297 [INFO] command processing is alive.
2025-09-06 08:04:25,775 [INFO] command processing is alive.
2025-09-06 08:09:26,261 [INFO] command processing is alive.
2025-09-06 08:14:26,769 [INFO] command processing is alive.
2025-09-06 08:17:56,255 [INFO] Refreshing listener credentials
2025-09-06 08:17:56,350 [INFO] Scheduling next credential refresh in 1799.0 seconds
2025-09-06 08:19:27,261 [INFO] command processing is alive.
2025-09-06 08:24:27,744 [INFO] command processing is alive.
2025-09-06 08:29:28,233 [INFO] command processing is alive.
2025-09-06 08:34:28,714 [INFO] command processing is alive.
2025-09-06 08:39:29,192 [INFO] command processing is alive.
2025-09-06 08:44:29,686 [INFO] command processing is alive.
2025-09-06 08:47:55,351 [INFO] Refreshing listener credentials
2025-09-06 08:47:55,434 [INFO] Scheduling next credential refresh in 1799.0 seconds
2025-09-06 08:49:30,178 [INFO] command processing is alive.
2025-09-06 08:52:54,922 [INFO] Received command ElasticBeanstalkCommand-AWSEBAutoScalingGroup (invocation id: 79dea64b-e88b-416e-9768-2e81f988b718)
2025-09-06 08:52:54,923 [INFO] Running action for aws-eb-command-handler
2025-09-06 08:53:28,201 [INFO] Action for aws-eb-command-handler succeeded, returning SUCCESS
2025-09-06 08:54:48,510 [INFO] command processing is alive.
2025-09-06 08:59:48,991 [INFO] command processing is alive.
2025-09-06 09:04:49,476 [INFO] command processing is alive.
2025-09-06 09:09:49,996 [INFO] command processing is alive.
2025-09-06 09:14:50,487 [INFO] command processing is alive.
2025-09-06 09:17:54,435 [INFO] Refreshing listener credentials
2025-09-06 09:17:54,528 [INFO] Scheduling next credential refresh in 1799.0 seconds
2025-09-06 09:19:50,978 [INFO] command processing is alive.
2025-09-06 09:24:51,503 [INFO] command processing is alive.
2025-09-06 09:29:51,998 [INFO] command processing is alive.
2025-09-06 09:34:52,464 [INFO] command processing is alive.
2025-09-06 09:39:52,986 [INFO] command processing is alive.
2025-09-06 09:44:53,471 [INFO] command processing is alive.
2025-09-06 09:47:53,529 [INFO] Refreshing listener credentials
2025-09-06 09:47:53,620 [INFO] Scheduling next credential refresh in 1799.0 seconds
2025-09-06 09:49:54,015 [INFO] command processing is alive.
2025-09-06 09:54:54,495 [INFO] command processing is alive.
2025-09-06 09:59:54,988 [INFO] command processing is alive.
2025-09-06 10:04:55,476 [INFO] command processing is alive.
2025-09-06 10:09:55,991 [INFO] command processing is alive.
2025-09-06 10:14:56,479 [INFO] command processing is alive.
2025-09-06 10:16:22,633 [INFO] Received command ElasticBeanstalkCommand-AWSEBAutoScalingGroup (invocation id: ae799a78-2ff3-4aae-a416-b90b50b0d12a)
2025-09-06 10:16:22,633 [INFO] Running action for aws-eb-command-handler
2025-09-06 10:17:52,626 [INFO] Refreshing listener credentials
2025-09-06 10:17:52,789 [INFO] Scheduling next credential refresh in 1799.0 seconds
2025-09-06 10:20:16,208 [INFO] Action for aws-eb-command-handler succeeded, returning SUCCESS
2025-09-06 10:20:16,351 [INFO] command processing is alive.
2025-09-06 10:23:24,729 [INFO] Received command ElasticBeanstalkCommand-AWSEBAutoScalingGroup (invocation id: 11683c0f-f1dd-475e-aa0e-abede3160d36)
2025-09-06 10:23:24,729 [INFO] Running action for aws-eb-command-handler
2025-09-06 10:24:09,824 [INFO] Action for aws-eb-command-handler succeeded, returning SUCCESS
2025-09-06 10:25:30,126 [INFO] command processing is alive.
2025-09-06 10:25:57,665 [INFO] Received command ElasticBeanstalkCommand-AWSEBAutoScalingGroup (invocation id: 48794d96-0f57-4cfe-b391-38ef13c4772c)
2025-09-06 10:25:57,665 [INFO] Running action for aws-eb-command-handler
2025-09-06 10:25:59,227 [INFO] Action for aws-eb-command-handler succeeded, returning SUCCESS
2025-09-06 10:26:23,345 [INFO] Received command ElasticBeanstalkCommand-AWSEBAutoScalingGroup (invocation id: e42f6417-aeb3-479d-a9b2-583945bcef38)
2025-09-06 10:26:23,345 [INFO] Running action for aws-eb-command-handler
2025-09-06 10:26:24,768 [INFO] Action for aws-eb-command-handler succeeded, returning SUCCESS
2025-09-06 10:30:45,260 [INFO] command processing is alive.
2025-09-06 10:33:36,756 [INFO] Received command ElasticBeanstalkCommand-AWSEBAutoScalingGroup (invocation id: 81360e64-0f62-4f94-8db8-e8a1d5dc7e32)
2025-09-06 10:33:36,756 [INFO] Running action for aws-eb-command-handler
2025-09-06 10:34:20,856 [INFO] Action for aws-eb-command-handler succeeded, returning SUCCESS
2025-09-06 10:36:01,253 [INFO] command processing is alive.
2025-09-06 10:41:01,747 [INFO] command processing is alive.
2025-09-06 10:46:02,237 [INFO] command processing is alive.
2025-09-06 10:47:51,789 [INFO] Refreshing listener credentials
2025-09-06 10:47:51,879 [INFO] Scheduling next credential refresh in 1799.0 seconds
2025-09-06 10:51:02,731 [INFO] command processing is alive.
2025-09-06 10:52:16,612 [INFO] Received command ElasticBeanstalkCommand-AWSEBAutoScalingGroup (invocation id: 7f665540-472f-46fd-990d-9a4d13c52b8d)
2025-09-06 10:52:16,612 [INFO] Running action for aws-eb-command-handler
2025-09-06 10:53:00,718 [INFO] Action for aws-eb-command-handler succeeded, returning SUCCESS
2025-09-06 10:53:23,311 [INFO] Received command ElasticBeanstalkCommand-AWSEBAutoScalingGroup (invocation id: 9edd3c29-a93f-4850-8234-700a2c9e5341)
2025-09-06 10:53:23,312 [INFO] Running action for aws-eb-command-handler
2025-09-06 10:53:24,827 [INFO] Action for aws-eb-command-handler succeeded, returning SUCCESS
2025-09-06 10:56:05,223 [INFO] command processing is alive.
2025-09-06 10:57:34,813 [INFO] Received command ElasticBeanstalkCommand-AWSEBAutoScalingGroup (invocation id: 6500be0c-56b7-45b4-a14d-a9533acd088a)
2025-09-06 10:57:34,813 [INFO] Running action for aws-eb-command-handler
2025-09-06 10:57:36,325 [INFO] Action for aws-eb-command-handler succeeded, returning SUCCESS
2025-09-06 10:58:33,181 [INFO] Received command ElasticBeanstalkCommand-AWSEBAutoScalingGroup (invocation id: 987a7470-5712-4123-adc0-8a698c1e5831)
2025-09-06 10:58:33,181 [INFO] Running action for aws-eb-command-handler
2025-09-06 10:59:16,993 [INFO] Action for aws-eb-command-handler succeeded, returning SUCCESS
2025-09-06 10:59:33,130 [INFO] Received command ElasticBeanstalkCommand-AWSEBAutoScalingGroup (invocation id: 945d629a-b530-4040-9268-b18820849533)
2025-09-06 10:59:33,131 [INFO] Running action for aws-eb-command-handler
2025-09-06 10:59:34,603 [INFO] Action for aws-eb-command-handler succeeded, returning SUCCESS
2025-09-06 11:01:14,831 [INFO] command processing is alive.
2025-09-06 11:06:15,324 [INFO] command processing is alive.
2025-09-06 11:08:33,810 [INFO] Received command ElasticBeanstalkCommand-AWSEBAutoScalingGroup (invocation id: ca991689-6a0a-4f32-b891-778097255f04)
2025-09-06 11:08:33,810 [INFO] Running action for aws-eb-command-handler
2025-09-06 11:08:34,737 [INFO] Action for aws-eb-command-handler succeeded, returning SUCCESS
2025-09-06 11:11:35,121 [INFO] command processing is alive.
2025-09-06 11:16:35,626 [INFO] command processing is alive.
2025-09-06 11:17:50,880 [INFO] Refreshing listener credentials
2025-09-06 11:17:50,970 [INFO] Scheduling next credential refresh in 1799.0 seconds
2025-09-06 11:21:36,103 [INFO] command processing is alive.
2025-09-06 11:26:36,576 [INFO] command processing is alive.
2025-09-06 11:31:37,066 [INFO] command processing is alive.
2025-09-06 11:36:37,552 [INFO] command processing is alive.
2025-09-06 11:41:38,029 [INFO] command processing is alive.
2025-09-06 11:46:38,526 [INFO] command processing is alive.
2025-09-06 11:47:49,970 [INFO] Refreshing listener credentials
2025-09-06 11:47:50,059 [INFO] Scheduling next credential refresh in 1799.0 seconds
2025-09-06 11:51:39,012 [INFO] command processing is alive.
2025-09-06 11:54:22,287 [INFO] Received command ElasticBeanstalkCommand-AWSEBAutoScalingGroup (invocation id: 5c1137b6-71b0-4ee6-87dd-15aec0357dfd)
2025-09-06 11:54:22,288 [INFO] Running action for aws-eb-command-handler
2025-09-06 11:54:23,757 [INFO] Action for aws-eb-command-handler succeeded, returning SUCCESS
2025-09-06 11:56:44,099 [INFO] command processing is alive.
2025-09-06 12:01:44,646 [INFO] command processing is alive.
2025-09-06 12:06:45,138 [INFO] command processing is alive.
2025-09-06 12:11:25,361 [INFO] Received command ElasticBeanstalkCommand-AWSEBAutoScalingGroup (invocation id: 6f661c8a-3fc8-4d1e-b2fa-f72f3d526753)
2025-09-06 12:11:25,361 [INFO] Running action for aws-eb-command-handler
2025-09-06 12:12:00,114 [INFO] Action for aws-eb-command-handler succeeded, returning SUCCESS
2025-09-06 12:12:00,301 [INFO] command processing is alive.
2025-09-06 12:17:00,822 [INFO] command processing is alive.
2025-09-06 12:17:49,059 [INFO] Refreshing listener credentials
2025-09-06 12:17:49,145 [INFO] Scheduling next credential refresh in 1799.0 seconds
2025-09-06 12:22:01,326 [INFO] command processing is alive.
2025-09-06 12:23:37,602 [INFO] Received command ElasticBeanstalkCommand-AWSEBAutoScalingGroup (invocation id: 9b107327-24ed-49e7-88c0-3b979d98bff8)
2025-09-06 12:23:37,602 [INFO] Running action for aws-eb-command-handler
2025-09-06 12:24:11,496 [INFO] Action for aws-eb-command-handler succeeded, returning SUCCESS
2025-09-06 12:27:11,981 [INFO] command processing is alive.
2025-09-06 12:32:10,192 [INFO] Received command ElasticBeanstalkCommand-AWSEBAutoScalingGroup (invocation id: ba68dd3b-a9cf-4bb6-a33d-f53de2f271dc)
2025-09-06 12:32:10,192 [INFO] Running action for aws-eb-command-handler
2025-09-06 12:32:44,627 [INFO] Action for aws-eb-command-handler succeeded, returning SUCCESS
2025-09-06 12:32:44,776 [INFO] command processing is alive.
2025-09-06 12:37:45,270 [INFO] command processing is alive.
2025-09-06 12:42:45,770 [INFO] command processing is alive.
2025-09-06 12:43:01,703 [INFO] Received command ElasticBeanstalkCommand-AWSEBAutoScalingGroup (invocation id: defdc895-9fdc-4c57-afb9-999d9c213a9b)
2025-09-06 12:43:01,703 [INFO] Running action for aws-eb-command-handler
2025-09-06 12:43:45,524 [INFO] Action for aws-eb-command-handler succeeded, returning SUCCESS
2025-09-06 12:47:46,120 [INFO] command processing is alive.
2025-09-06 12:47:48,146 [INFO] Refreshing listener credentials
2025-09-06 12:47:48,240 [INFO] Scheduling next credential refresh in 1799.0 seconds
2025-09-06 12:52:46,602 [INFO] command processing is alive.
2025-09-06 12:57:47,197 [INFO] command processing is alive.
2025-09-06 13:02:47,674 [INFO] command processing is alive.
2025-09-06 13:07:48,165 [INFO] command processing is alive.
2025-09-06 13:12:48,656 [INFO] command processing is alive.
2025-09-06 13:17:47,240 [INFO] Refreshing listener credentials
2025-09-06 13:17:47,332 [INFO] Scheduling next credential refresh in 1799.0 seconds
2025-09-06 13:17:49,132 [INFO] command processing is alive.
2025-09-06 13:22:49,618 [INFO] command processing is alive.
2025-09-06 13:26:36,486 [INFO] Received command ElasticBeanstalkCommand-AWSEBAutoScalingGroup (invocation id: 8e3e32f1-c3b5-4ce8-a63d-d6773f9c81ed)
2025-09-06 13:26:36,486 [INFO] Running action for aws-eb-command-handler
2025-09-06 13:27:11,084 [INFO] Action for aws-eb-command-handler succeeded, returning SUCCESS
2025-09-06 13:27:51,333 [INFO] command processing is alive.
2025-09-06 13:32:51,815 [INFO] command processing is alive.
2025-09-06 13:37:52,310 [INFO] command processing is alive.
2025-09-06 13:39:57,853 [INFO] Received command ElasticBeanstalkCommand-AWSEBAutoScalingGroup (invocation id: 02ea9e37-0a65-4817-9a00-89b4b9461e90)
2025-09-06 13:39:57,853 [INFO] Running action for aws-eb-command-handler
2025-09-06 13:40:41,324 [INFO] Action for aws-eb-command-handler succeeded, returning SUCCESS
2025-09-06 13:41:46,541 [INFO] Received command ElasticBeanstalkCommand-AWSEBAutoScalingGroup (invocation id: 074c34ab-2015-4597-9341-f703d8cd671c)
2025-09-06 13:41:46,541 [INFO] Running action for aws-eb-command-handler
2025-09-06 13:42:29,410 [INFO] Action for aws-eb-command-handler succeeded, returning SUCCESS
2025-09-06 13:43:09,654 [INFO] command processing is alive.
2025-09-06 13:43:18,045 [INFO] Received command ElasticBeanstalkCommand-AWSEBAutoScalingGroup (invocation id: 2332e42a-0b59-4b04-b959-def416ea6c27)
2025-09-06 13:43:18,046 [INFO] Running action for aws-eb-command-handler
2025-09-06 13:43:19,721 [INFO] Action for aws-eb-command-handler succeeded, returning SUCCESS
2025-09-06 13:47:46,332 [INFO] Refreshing listener credentials
2025-09-06 13:47:46,419 [INFO] Scheduling next credential refresh in 1799.0 seconds
2025-09-06 13:48:20,294 [INFO] command processing is alive.
2025-09-06 13:53:20,786 [INFO] command processing is alive.
2025-09-06 13:58:21,272 [INFO] command processing is alive.
2025-09-06 14:03:21,798 [INFO] command processing is alive.
2025-09-06 14:08:22,279 [INFO] command processing is alive.
2025-09-06 14:13:22,767 [INFO] command processing is alive.
2025-09-06 14:17:45,419 [INFO] Refreshing listener credentials
2025-09-06 14:17:45,512 [INFO] Scheduling next credential refresh in 1799.0 seconds
2025-09-06 14:18:23,283 [INFO] command processing is alive.
2025-09-06 14:23:23,777 [INFO] command processing is alive.
2025-09-06 14:28:24,273 [INFO] command processing is alive.
2025-09-06 14:33:24,760 [INFO] command processing is alive.
2025-09-06 14:38:25,278 [INFO] command processing is alive.
2025-09-06 14:42:32,335 [INFO] Received command ElasticBeanstalkCommand-AWSEBAutoScalingGroup (invocation id: 77515367-e633-4b3d-b31a-54b6ba6eb27d)
2025-09-06 14:42:32,336 [INFO] Running action for aws-eb-command-handler
2025-09-06 14:46:28,104 [INFO] Action for aws-eb-command-handler succeeded, returning SUCCESS
2025-09-06 14:46:28,249 [INFO] command processing is alive.
2025-09-06 14:47:44,512 [INFO] Refreshing listener credentials
2025-09-06 14:47:44,606 [INFO] Scheduling next credential refresh in 1799.0 seconds
2025-09-06 14:49:19,594 [INFO] Received command ElasticBeanstalkCommand-AWSEBAutoScalingGroup (invocation id: fd99dccf-a7c6-44f2-8f31-065cc67513c4)
2025-09-06 14:49:19,594 [INFO] Running action for aws-eb-command-handler
2025-09-06 14:50:05,509 [INFO] Action for aws-eb-command-handler succeeded, returning SUCCESS
2025-09-06 14:51:08,708 [INFO] Received command ElasticBeanstalkCommand-AWSEBAutoScalingGroup (invocation id: 3ca42673-9afa-4391-999f-b4c513298b8a)
2025-09-06 14:51:08,709 [INFO] Running action for aws-eb-command-handler
2025-09-06 14:51:53,334 [INFO] Action for aws-eb-command-handler succeeded, returning SUCCESS
2025-09-06 14:51:53,489 [INFO] command processing is alive.
2025-09-06 14:53:57,027 [INFO] Received command ElasticBeanstalkCommand-AWSEBAutoScalingGroup (invocation id: 629d038e-88fe-4e24-bf4f-fabc42f8fce8)
2025-09-06 14:53:57,028 [INFO] Running action for aws-eb-command-handler
2025-09-06 14:54:42,602 [INFO] Action for aws-eb-command-handler succeeded, returning SUCCESS
2025-09-06 14:57:03,005 [INFO] command processing is alive.
2025-09-06 15:02:03,503 [INFO] command processing is alive.
2025-09-06 15:03:55,905 [INFO] Received command ElasticBeanstalkCommand-AWSEBAutoScalingGroup (invocation id: bd01fe76-0abf-4eb5-a822-783b619eb217)
2025-09-06 15:03:55,905 [INFO] Running action for aws-eb-command-handler
2025-09-06 15:04:44,283 [INFO] Action for aws-eb-command-handler succeeded, returning SUCCESS
2025-09-06 15:06:35,026 [INFO] Received command ElasticBeanstalkCommand-AWSEBAutoScalingGroup (invocation id: 7b272d20-6a6d-4e64-a0fc-2a59c977a4b5)
2025-09-06 15:06:35,026 [INFO] Running action for aws-eb-command-handler
2025-09-06 15:07:21,718 [INFO] Action for aws-eb-command-handler succeeded, returning SUCCESS
2025-09-06 15:07:21,879 [INFO] command processing is alive.
2025-09-06 15:07:38,503 [INFO] Received command ElasticBeanstalkCommand-AWSEBAutoScalingGroup (invocation id: df7f1cf2-5746-468e-a62b-91ef924b84cb)
2025-09-06 15:07:38,503 [INFO] Running action for aws-eb-command-handler
2025-09-06 15:07:40,614 [INFO] Action for aws-eb-command-handler succeeded, returning SUCCESS
2025-09-06 15:12:41,321 [INFO] command processing is alive.
2025-09-06 15:15:06,661 [INFO] Received command ElasticBeanstalkCommand-AWSEBAutoScalingGroup (invocation id: 215740e5-8477-43db-b558-eac0c96f87a2)
2025-09-06 15:15:06,661 [INFO] Running action for aws-eb-command-handler
2025-09-06 15:15:42,064 [INFO] Action for aws-eb-command-handler succeeded, returning SUCCESS
2025-09-06 15:17:42,496 [INFO] command processing is alive.
2025-09-06 15:17:43,607 [INFO] Refreshing listener credentials
2025-09-06 15:17:43,701 [INFO] Scheduling next credential refresh in 1799.0 seconds
2025-09-06 15:22:42,984 [INFO] command processing is alive.
2025-09-06 15:27:43,490 [INFO] command processing is alive.
2025-09-06 15:32:43,989 [INFO] command processing is alive.
2025-09-06 15:37:20,921 [INFO] Received command ElasticBeanstalkCommand-AWSEBAutoScalingGroup (invocation id: df33b47f-41bd-44b1-8b31-17838c5e41ce)
2025-09-06 15:37:20,921 [INFO] Running action for aws-eb-command-handler
2025-09-06 15:38:07,166 [INFO] Action for aws-eb-command-handler succeeded, returning SUCCESS
2025-09-06 15:38:07,360 [INFO] command processing is alive.
2025-09-06 15:43:07,929 [INFO] command processing is alive.
2025-09-06 15:47:42,702 [INFO] Refreshing listener credentials
2025-09-06 15:47:42,794 [INFO] Scheduling next credential refresh in 1799.0 seconds
2025-09-06 15:48:08,410 [INFO] command processing is alive.
2025-09-06 15:53:08,903 [INFO] command processing is alive.
2025-09-06 15:58:09,404 [INFO] command processing is alive.
2025-09-06 16:01:03,042 [INFO] Received command ElasticBeanstalkCommand-AWSEBAutoScalingGroup (invocation id: 65cfce69-e634-44aa-aa9b-ac4276012682)
2025-09-06 16:01:03,042 [INFO] Running action for aws-eb-command-handler
2025-09-06 16:01:48,794 [INFO] Action for aws-eb-command-handler succeeded, returning SUCCESS
2025-09-06 16:03:29,153 [INFO] command processing is alive.
2025-09-06 16:08:29,660 [INFO] command processing is alive.
2025-09-06 16:09:30,561 [INFO] Received command ElasticBeanstalkCommand-AWSEBAutoScalingGroup (invocation id: d4878b0b-4a20-4064-9f4b-d883fd1b1145)
2025-09-06 16:09:30,561 [INFO] Running action for aws-eb-command-handler
2025-09-06 16:13:27,157 [INFO] Action for aws-eb-command-handler succeeded, returning SUCCESS
2025-09-06 16:13:47,372 [INFO] command processing is alive.
2025-09-06 16:17:41,795 [INFO] Refreshing listener credentials
2025-09-06 16:17:41,918 [INFO] Scheduling next credential refresh in 1799.0 seconds
2025-09-06 16:18:26,197 [INFO] Received command ElasticBeanstalkCommand-AWSEBAutoScalingGroup (invocation id: 39923f22-935b-4788-be36-192a7c4a9453)
2025-09-06 16:18:26,198 [INFO] Running action for aws-eb-command-handler
2025-09-06 16:19:27,153 [INFO] Action for aws-eb-command-handler succeeded, returning SUCCESS
2025-09-06 16:19:27,314 [INFO] command processing is alive.
2025-09-06 16:24:28,221 [INFO] command processing is alive.
2025-09-06 16:29:28,982 [INFO] command processing is alive.
2025-09-06 16:34:29,781 [INFO] command processing is alive.
2025-09-06 16:39:30,587 [INFO] command processing is alive.
2025-09-06 16:44:31,430 [INFO] command processing is alive.
2025-09-06 16:47:40,920 [INFO] Refreshing listener credentials
2025-09-06 16:47:41,033 [INFO] Scheduling next credential refresh in 1799.0 seconds
2025-09-06 16:47:50,033 [INFO] Received command ElasticBeanstalkCommand-AWSEBAutoScalingGroup (invocation id: 9476e4ff-4a47-442e-b43c-b26ef1eab807)
2025-09-06 16:47:50,033 [INFO] Running action for aws-eb-command-handler
