2025-09-05 04:48:23,408 P1723 [INFO] ************************************************************
2025-09-05 04:48:23,408 P1723 [INFO] ConfigSet _OnInstanceBoot
2025-09-05 04:48:23,411 P1723 [INFO] ++++++++++++++++++++++++++++++++++++++++++++++++++++++++++++
2025-09-05 04:48:23,411 P1723 [INFO] Config AWSEBBaseConfig
2025-09-05 04:48:23,649 P1723 [INFO] ============================================================
2025-09-05 04:48:23,649 P1723 [INFO] Command clearbackupfiles
2025-09-05 04:48:23,663 P1723 [INFO] Completed successfully.
2025-09-05 04:48:23,668 P1723 [INFO] ++++++++++++++++++++++++++++++++++++++++++++++++++++++++++++
2025-09-05 04:48:23,668 P1723 [INFO] Config AWSEBCfnHupEndpointOverride
2025-09-05 04:48:23,670 P1723 [INFO] ============================================================
2025-09-05 04:48:23,670 P1723 [INFO] Command clearbackupfiles
2025-09-05 04:48:23,677 P1723 [INFO] Completed successfully.
2025-09-05 04:50:31,581 P2271 [INFO] ************************************************************
2025-09-05 04:50:31,581 P2271 [INFO] ConfigSet Infra-EmbeddedPreBuild
2025-09-05 04:50:31,584 P2271 [INFO] ++++++++++++++++++++++++++++++++++++++++++++++++++++++++++++
2025-09-05 04:50:31,584 P2271 [INFO] Config prebuild_0_hash_proj_v2
2025-09-05 04:50:31,584 P2271 [INFO] ============================================================
2025-09-05 04:50:31,584 P2271 [INFO] Command set_time_zone
2025-09-05 04:50:31,592 P2271 [INFO] Completed successfully.
2025-09-05 13:52:09,209 P3193 [INFO] ************************************************************
2025-09-05 13:52:09,210 P3193 [INFO] ConfigSet Infra-EmbeddedPostBuild
2025-09-05 13:53:00,411 P4155 [INFO] ************************************************************
2025-09-05 13:53:00,412 P4155 [INFO] ConfigSet Infra-EmbeddedPreBuild
2025-09-05 13:53:00,415 P4155 [INFO] ++++++++++++++++++++++++++++++++++++++++++++++++++++++++++++
2025-09-05 13:53:00,415 P4155 [INFO] Config prebuild_0_hash_proj_v2
2025-09-05 13:53:00,416 P4155 [INFO] ============================================================
2025-09-05 13:53:00,416 P4155 [INFO] Command set_time_zone
2025-09-05 13:53:00,425 P4155 [INFO] Completed successfully.
2025-09-05 13:53:09,127 P4637 [INFO] ************************************************************
2025-09-05 13:53:09,128 P4637 [INFO] ConfigSet Infra-EmbeddedPostBuild
2025-09-05 14:16:16,845 P11045 [INFO] ************************************************************
2025-09-05 14:16:16,846 P11045 [INFO] ConfigSet Infra-EmbeddedPreBuild
2025-09-05 14:16:16,849 P11045 [INFO] ++++++++++++++++++++++++++++++++++++++++++++++++++++++++++++
2025-09-05 14:16:16,849 P11045 [INFO] Config prebuild_0_hash_proj_v2
2025-09-05 14:16:16,850 P11045 [INFO] ============================================================
2025-09-05 14:16:16,850 P11045 [INFO] Command set_time_zone
2025-09-05 14:16:16,856 P11045 [INFO] Completed successfully.
2025-09-05 14:16:25,670 P11474 [INFO] ************************************************************
2025-09-05 14:16:25,670 P11474 [INFO] ConfigSet Infra-EmbeddedPostBuild
2025-09-05 14:20:47,890 P12965 [INFO] ************************************************************
2025-09-05 14:20:47,890 P12965 [INFO] ConfigSet Infra-EmbeddedPreBuild
2025-09-05 14:20:47,893 P12965 [INFO] ++++++++++++++++++++++++++++++++++++++++++++++++++++++++++++
2025-09-05 14:20:47,893 P12965 [INFO] Config prebuild_0_hash_proj_v2
2025-09-05 14:20:47,893 P12965 [INFO] ============================================================
2025-09-05 14:20:47,894 P12965 [INFO] Command set_time_zone
2025-09-05 14:20:47,901 P12965 [INFO] Completed successfully.
2025-09-05 14:22:36,828 P13500 [INFO] ************************************************************
2025-09-05 14:22:36,828 P13500 [INFO] ConfigSet Infra-EmbeddedPreBuild
2025-09-05 14:22:36,832 P13500 [INFO] ++++++++++++++++++++++++++++++++++++++++++++++++++++++++++++
2025-09-05 14:22:36,832 P13500 [INFO] Config prebuild_0_hash_proj_v2
2025-09-05 14:22:36,833 P13500 [INFO] ============================================================
2025-09-05 14:22:36,833 P13500 [INFO] Command set_time_zone
2025-09-05 14:22:36,841 P13500 [INFO] Completed successfully.
2025-09-05 14:24:42,464 P14283 [INFO] ************************************************************
2025-09-05 14:24:42,464 P14283 [INFO] ConfigSet Infra-EmbeddedPreBuild
2025-09-05 14:24:42,467 P14283 [INFO] ++++++++++++++++++++++++++++++++++++++++++++++++++++++++++++
2025-09-05 14:24:42,467 P14283 [INFO] Config prebuild_0_hash_proj_v2
2025-09-05 14:24:42,467 P14283 [INFO] ============================================================
2025-09-05 14:24:42,468 P14283 [INFO] Command set_time_zone
2025-09-05 14:24:42,476 P14283 [INFO] Completed successfully.
2025-09-05 14:27:23,315 P15007 [INFO] ************************************************************
2025-09-05 14:27:23,316 P15007 [INFO] ConfigSet Infra-EmbeddedPreBuild
2025-09-05 14:27:23,319 P15007 [INFO] ++++++++++++++++++++++++++++++++++++++++++++++++++++++++++++
2025-09-05 14:27:23,319 P15007 [INFO] Config prebuild_0_hash_proj_v2
2025-09-05 14:27:23,319 P15007 [INFO] ============================================================
2025-09-05 14:27:23,319 P15007 [INFO] Command set_time_zone
2025-09-05 14:27:23,325 P15007 [INFO] Completed successfully.
2025-09-05 14:35:24,730 P16196 [INFO] ************************************************************
2025-09-05 14:35:24,730 P16196 [INFO] ConfigSet Infra-EmbeddedPreBuild
2025-09-05 14:35:24,733 P16196 [INFO] ++++++++++++++++++++++++++++++++++++++++++++++++++++++++++++
2025-09-05 14:35:24,733 P16196 [INFO] Config prebuild_0_hash_proj_v2
2025-09-05 14:35:24,733 P16196 [INFO] ============================================================
2025-09-05 14:35:24,733 P16196 [INFO] Command set_time_zone
2025-09-05 14:35:24,740 P16196 [INFO] Completed successfully.
2025-09-05 14:38:36,181 P17163 [INFO] ************************************************************
2025-09-05 14:38:36,182 P17163 [INFO] ConfigSet Infra-EmbeddedPostBuild
2025-09-05 14:43:35,062 P19001 [INFO] ************************************************************
2025-09-05 14:43:35,062 P19001 [INFO] ConfigSet Infra-EmbeddedPreBuild
2025-09-05 14:43:35,065 P19001 [INFO] ++++++++++++++++++++++++++++++++++++++++++++++++++++++++++++
2025-09-05 14:43:35,065 P19001 [INFO] Config prebuild_0_hash_proj_v2
2025-09-05 14:43:35,065 P19001 [INFO] ============================================================
2025-09-05 14:43:35,065 P19001 [INFO] Command set_time_zone
2025-09-05 14:43:35,072 P19001 [INFO] Completed successfully.
2025-09-05 14:43:46,923 P19484 [INFO] ************************************************************
2025-09-05 14:43:46,923 P19484 [INFO] ConfigSet Infra-EmbeddedPostBuild
2025-09-05 14:55:28,745 P25567 [INFO] ************************************************************
2025-09-05 14:55:28,746 P25567 [INFO] ConfigSet Infra-EmbeddedPreBuild
2025-09-05 14:55:28,749 P25567 [INFO] ++++++++++++++++++++++++++++++++++++++++++++++++++++++++++++
2025-09-05 14:55:28,749 P25567 [INFO] Config prebuild_0_hash_proj_v2
2025-09-05 14:55:28,749 P25567 [INFO] ============================================================
2025-09-05 14:55:28,749 P25567 [INFO] Command set_time_zone
2025-09-05 14:55:28,760 P25567 [INFO] Completed successfully.
2025-09-05 14:58:41,629 P26635 [INFO] ************************************************************
2025-09-05 14:58:41,630 P26635 [INFO] ConfigSet Infra-EmbeddedPostBuild
2025-09-05 15:02:57,955 P28525 [INFO] ************************************************************
2025-09-05 15:02:57,956 P28525 [INFO] ConfigSet Infra-EmbeddedPreBuild
2025-09-05 15:02:57,959 P28525 [INFO] ++++++++++++++++++++++++++++++++++++++++++++++++++++++++++++
2025-09-05 15:02:57,959 P28525 [INFO] Config prebuild_0_hash_proj_v2
2025-09-05 15:02:57,959 P28525 [INFO] ============================================================
2025-09-05 15:02:57,959 P28525 [INFO] Command set_time_zone
2025-09-05 15:02:57,966 P28525 [INFO] Completed successfully.
2025-09-05 15:03:09,702 P29020 [INFO] ************************************************************
2025-09-05 15:03:09,702 P29020 [INFO] ConfigSet Infra-EmbeddedPostBuild
2025-09-05 15:25:06,786 P31489 [INFO] ************************************************************
2025-09-05 15:25:06,787 P31489 [INFO] ConfigSet Infra-EmbeddedPreBuild
2025-09-05 15:25:06,790 P31489 [INFO] ++++++++++++++++++++++++++++++++++++++++++++++++++++++++++++
2025-09-05 15:25:06,790 P31489 [INFO] Config prebuild_0_hash_proj_v2
2025-09-05 15:25:06,790 P31489 [INFO] ============================================================
2025-09-05 15:25:06,790 P31489 [INFO] Command set_time_zone
2025-09-05 15:25:06,798 P31489 [INFO] Completed successfully.
2025-09-05 15:25:19,117 P32034 [INFO] ************************************************************
2025-09-05 15:25:19,117 P32034 [INFO] ConfigSet Infra-EmbeddedPostBuild
2025-09-05 15:35:15,325 P33939 [INFO] ************************************************************
2025-09-05 15:35:15,326 P33939 [INFO] ConfigSet Infra-EmbeddedPreBuild
2025-09-05 15:35:15,328 P33939 [INFO] ++++++++++++++++++++++++++++++++++++++++++++++++++++++++++++
2025-09-05 15:35:15,328 P33939 [INFO] Config prebuild_0_hash_proj_v2
2025-09-05 15:35:15,329 P33939 [INFO] ============================================================
2025-09-05 15:35:15,329 P33939 [INFO] Command set_time_zone
2025-09-05 15:35:15,337 P33939 [INFO] Completed successfully.
2025-09-05 15:38:34,174 P35057 [INFO] ************************************************************
2025-09-05 15:38:34,175 P35057 [INFO] ConfigSet Infra-EmbeddedPostBuild
2025-09-05 15:42:35,534 P36781 [INFO] ************************************************************
2025-09-05 15:42:35,535 P36781 [INFO] ConfigSet Infra-EmbeddedPreBuild
2025-09-05 15:42:35,538 P36781 [INFO] ++++++++++++++++++++++++++++++++++++++++++++++++++++++++++++
2025-09-05 15:42:35,538 P36781 [INFO] Config prebuild_0_hash_proj_v2
2025-09-05 15:42:35,538 P36781 [INFO] ============================================================
2025-09-05 15:42:35,538 P36781 [INFO] Command set_time_zone
2025-09-05 15:42:35,544 P36781 [INFO] Completed successfully.
2025-09-05 15:42:46,894 P37265 [INFO] ************************************************************
2025-09-05 15:42:46,894 P37265 [INFO] ConfigSet Infra-EmbeddedPostBuild
2025-09-05 15:52:35,091 P41299 [INFO] ************************************************************
2025-09-05 15:52:35,092 P41299 [INFO] ConfigSet Infra-EmbeddedPreBuild
2025-09-05 15:52:35,095 P41299 [INFO] ++++++++++++++++++++++++++++++++++++++++++++++++++++++++++++
2025-09-05 15:52:35,095 P41299 [INFO] Config prebuild_0_hash_proj_v2
2025-09-05 15:52:35,095 P41299 [INFO] ============================================================
2025-09-05 15:52:35,095 P41299 [INFO] Command set_time_zone
2025-09-05 15:52:35,101 P41299 [INFO] Completed successfully.
2025-09-05 15:55:45,374 P42302 [INFO] ************************************************************
2025-09-05 15:55:45,375 P42302 [INFO] ConfigSet Infra-EmbeddedPostBuild
2025-09-06 06:51:50,929 P80270 [INFO] ************************************************************
2025-09-06 06:51:50,930 P80270 [INFO] ConfigSet Infra-EmbeddedPreBuild
2025-09-06 06:51:50,932 P80270 [INFO] ++++++++++++++++++++++++++++++++++++++++++++++++++++++++++++
2025-09-06 06:51:50,932 P80270 [INFO] Config prebuild_0_hash_proj_v2
2025-09-06 06:51:50,933 P80270 [INFO] ============================================================
2025-09-06 06:51:50,933 P80270 [INFO] Command set_time_zone
2025-09-06 06:51:50,940 P80270 [INFO] Completed successfully.
2025-09-06 06:56:42,699 P81429 [INFO] ************************************************************
2025-09-06 06:56:42,699 P81429 [INFO] ConfigSet Infra-EmbeddedPostBuild
2025-09-06 06:58:56,244 P83032 [INFO] ************************************************************
2025-09-06 06:58:56,245 P83032 [INFO] ConfigSet Infra-EmbeddedPreBuild
2025-09-06 06:58:56,248 P83032 [INFO] ++++++++++++++++++++++++++++++++++++++++++++++++++++++++++++
2025-09-06 06:58:56,248 P83032 [INFO] Config prebuild_0_hash_proj_v2
2025-09-06 06:58:56,248 P83032 [INFO] ============================================================
2025-09-06 06:58:56,248 P83032 [INFO] Command set_time_zone
2025-09-06 06:58:56,254 P83032 [INFO] Completed successfully.
2025-09-06 06:59:07,880 P83513 [INFO] ************************************************************
2025-09-06 06:59:07,880 P83513 [INFO] ConfigSet Infra-EmbeddedPostBuild
2025-09-06 07:04:15,630 P85480 [INFO] ************************************************************
2025-09-06 07:04:15,630 P85480 [INFO] ConfigSet Infra-EmbeddedPreBuild
2025-09-06 07:04:15,632 P85480 [INFO] ++++++++++++++++++++++++++++++++++++++++++++++++++++++++++++
2025-09-06 07:04:15,632 P85480 [INFO] Config prebuild_0_hash_proj_v2
2025-09-06 07:04:15,633 P85480 [INFO] ============================================================
2025-09-06 07:04:15,633 P85480 [INFO] Command set_time_zone
2025-09-06 07:04:15,640 P85480 [INFO] Completed successfully.
2025-09-06 07:04:26,914 P85959 [INFO] ************************************************************
2025-09-06 07:04:26,914 P85959 [INFO] ConfigSet Infra-EmbeddedPostBuild
2025-09-06 07:07:27,795 P87557 [INFO] ************************************************************
2025-09-06 07:07:27,796 P87557 [INFO] ConfigSet Infra-EmbeddedPreBuild
2025-09-06 07:07:27,798 P87557 [INFO] ++++++++++++++++++++++++++++++++++++++++++++++++++++++++++++
2025-09-06 07:07:27,798 P87557 [INFO] Config prebuild_0_hash_proj_v2
2025-09-06 07:07:27,798 P87557 [INFO] ============================================================
2025-09-06 07:07:27,799 P87557 [INFO] Command set_time_zone
2025-09-06 07:07:27,804 P87557 [INFO] Completed successfully.
2025-09-06 07:07:38,178 P88094 [INFO] ************************************************************
2025-09-06 07:07:38,178 P88094 [INFO] ConfigSet Infra-EmbeddedPostBuild
2025-09-06 07:17:41,394 P89994 [INFO] ************************************************************
2025-09-06 07:17:41,394 P89994 [INFO] ConfigSet Infra-EmbeddedPreBuild
2025-09-06 07:17:41,396 P89994 [INFO] ++++++++++++++++++++++++++++++++++++++++++++++++++++++++++++
2025-09-06 07:17:41,396 P89994 [INFO] Config prebuild_0_hash_proj_v2
2025-09-06 07:17:41,397 P89994 [INFO] ============================================================
2025-09-06 07:17:41,397 P89994 [INFO] Command set_time_zone
2025-09-06 07:17:41,403 P89994 [INFO] Completed successfully.
2025-09-06 07:17:52,876 P90539 [INFO] ************************************************************
2025-09-06 07:17:52,876 P90539 [INFO] ConfigSet Infra-EmbeddedPostBuild
2025-09-06 07:48:31,729 P93223 [INFO] ************************************************************
2025-09-06 07:48:31,729 P93223 [INFO] ConfigSet Infra-EmbeddedPreBuild
2025-09-06 07:48:31,732 P93223 [INFO] ++++++++++++++++++++++++++++++++++++++++++++++++++++++++++++
2025-09-06 07:48:31,732 P93223 [INFO] Config prebuild_0_hash_proj_v2
2025-09-06 07:48:31,732 P93223 [INFO] ============================================================
2025-09-06 07:48:31,732 P93223 [INFO] Command set_time_zone
2025-09-06 07:48:31,739 P93223 [INFO] Completed successfully.
2025-09-06 07:48:43,656 P93706 [INFO] ************************************************************
2025-09-06 07:48:43,656 P93706 [INFO] ConfigSet Infra-EmbeddedPostBuild
2025-09-06 07:57:42,348 P95567 [INFO] ************************************************************
2025-09-06 07:57:42,348 P95567 [INFO] ConfigSet Infra-EmbeddedPreBuild
2025-09-06 07:57:42,351 P95567 [INFO] ++++++++++++++++++++++++++++++++++++++++++++++++++++++++++++
2025-09-06 07:57:42,351 P95567 [INFO] Config prebuild_0_hash_proj_v2
2025-09-06 07:57:42,352 P95567 [INFO] ============================================================
2025-09-06 07:57:42,352 P95567 [INFO] Command set_time_zone
2025-09-06 07:57:42,358 P95567 [INFO] Completed successfully.
2025-09-06 07:57:53,901 P96109 [INFO] ************************************************************
2025-09-06 07:57:53,901 P96109 [INFO] ConfigSet Infra-EmbeddedPostBuild
2025-09-06 10:16:24,407 P106236 [INFO] ************************************************************
2025-09-06 10:16:24,407 P106236 [INFO] ConfigSet Infra-EmbeddedPreBuild
2025-09-06 10:16:24,409 P106236 [INFO] ++++++++++++++++++++++++++++++++++++++++++++++++++++++++++++
2025-09-06 10:16:24,409 P106236 [INFO] Config prebuild_0_hash_proj_v2
2025-09-06 10:16:24,410 P106236 [INFO] ============================================================
2025-09-06 10:16:24,410 P106236 [INFO] Command set_time_zone
2025-09-06 10:16:24,415 P106236 [INFO] Completed successfully.
2025-09-06 10:19:40,144 P107285 [INFO] ************************************************************
2025-09-06 10:19:40,144 P107285 [INFO] ConfigSet Infra-EmbeddedPostBuild
2025-09-06 10:23:26,794 P108926 [INFO] ************************************************************
2025-09-06 10:23:26,795 P108926 [INFO] ConfigSet Infra-EmbeddedPreBuild
2025-09-06 10:23:26,798 P108926 [INFO] ++++++++++++++++++++++++++++++++++++++++++++++++++++++++++++
2025-09-06 10:23:26,798 P108926 [INFO] Config prebuild_0_hash_proj_v2
2025-09-06 10:23:26,798 P108926 [INFO] ============================================================
2025-09-06 10:23:26,798 P108926 [INFO] Command set_time_zone
2025-09-06 10:23:26,804 P108926 [INFO] Completed successfully.
2025-09-06 10:23:38,398 P109408 [INFO] ************************************************************
2025-09-06 10:23:38,398 P109408 [INFO] ConfigSet Infra-EmbeddedPostBuild
2025-09-06 10:33:38,523 P111274 [INFO] ************************************************************
2025-09-06 10:33:38,523 P111274 [INFO] ConfigSet Infra-EmbeddedPreBuild
2025-09-06 10:33:38,526 P111274 [INFO] ++++++++++++++++++++++++++++++++++++++++++++++++++++++++++++
2025-09-06 10:33:38,526 P111274 [INFO] Config prebuild_0_hash_proj_v2
2025-09-06 10:33:38,526 P111274 [INFO] ============================================================
2025-09-06 10:33:38,526 P111274 [INFO] Command set_time_zone
2025-09-06 10:33:38,533 P111274 [INFO] Completed successfully.
2025-09-06 10:33:50,127 P111817 [INFO] ************************************************************
2025-09-06 10:33:50,127 P111817 [INFO] ConfigSet Infra-EmbeddedPostBuild
2025-09-06 10:52:18,302 P113984 [INFO] ************************************************************
2025-09-06 10:52:18,303 P113984 [INFO] ConfigSet Infra-EmbeddedPreBuild
2025-09-06 10:52:18,306 P113984 [INFO] ++++++++++++++++++++++++++++++++++++++++++++++++++++++++++++
2025-09-06 10:52:18,306 P113984 [INFO] Config prebuild_0_hash_proj_v2
2025-09-06 10:52:18,306 P113984 [INFO] ============================================================
2025-09-06 10:52:18,306 P113984 [INFO] Command set_time_zone
2025-09-06 10:52:18,311 P113984 [INFO] Completed successfully.
2025-09-06 10:52:30,102 P114462 [INFO] ************************************************************
2025-09-06 10:52:30,102 P114462 [INFO] ConfigSet Infra-EmbeddedPostBuild
2025-09-06 10:58:34,897 P116175 [INFO] ************************************************************
2025-09-06 10:58:34,897 P116175 [INFO] ConfigSet Infra-EmbeddedPreBuild
2025-09-06 10:58:34,900 P116175 [INFO] ++++++++++++++++++++++++++++++++++++++++++++++++++++++++++++
2025-09-06 10:58:34,900 P116175 [INFO] Config prebuild_0_hash_proj_v2
2025-09-06 10:58:34,900 P116175 [INFO] ============================================================
2025-09-06 10:58:34,900 P116175 [INFO] Command set_time_zone
2025-09-06 10:58:34,907 P116175 [INFO] Completed successfully.
2025-09-06 10:58:46,099 P116653 [INFO] ************************************************************
2025-09-06 10:58:46,099 P116653 [INFO] ConfigSet Infra-EmbeddedPostBuild
2025-09-06 12:11:27,057 P121147 [INFO] ************************************************************
2025-09-06 12:11:27,057 P121147 [INFO] ConfigSet Infra-EmbeddedPreBuild
2025-09-06 12:11:27,060 P121147 [INFO] ++++++++++++++++++++++++++++++++++++++++++++++++++++++++++++
2025-09-06 12:11:27,060 P121147 [INFO] Config prebuild_0_hash_proj_v2
2025-09-06 12:11:27,060 P121147 [INFO] ============================================================
2025-09-06 12:11:27,060 P121147 [INFO] Command set_time_zone
2025-09-06 12:11:27,066 P121147 [INFO] Completed successfully.
2025-09-06 12:11:38,892 P121631 [INFO] ************************************************************
2025-09-06 12:11:38,892 P121631 [INFO] ConfigSet Infra-EmbeddedPostBuild
2025-09-06 12:23:39,263 P123569 [INFO] ************************************************************
2025-09-06 12:23:39,264 P123569 [INFO] ConfigSet Infra-EmbeddedPreBuild
2025-09-06 12:23:39,267 P123569 [INFO] ++++++++++++++++++++++++++++++++++++++++++++++++++++++++++++
2025-09-06 12:23:39,267 P123569 [INFO] Config prebuild_0_hash_proj_v2
2025-09-06 12:23:39,267 P123569 [INFO] ============================================================
2025-09-06 12:23:39,267 P123569 [INFO] Command set_time_zone
2025-09-06 12:23:39,272 P123569 [INFO] Completed successfully.
2025-09-06 12:23:50,830 P124111 [INFO] ************************************************************
2025-09-06 12:23:50,830 P124111 [INFO] ConfigSet Infra-EmbeddedPostBuild
2025-09-06 12:32:11,938 P125912 [INFO] ************************************************************
2025-09-06 12:32:11,938 P125912 [INFO] ConfigSet Infra-EmbeddedPreBuild
2025-09-06 12:32:11,941 P125912 [INFO] ++++++++++++++++++++++++++++++++++++++++++++++++++++++++++++
2025-09-06 12:32:11,941 P125912 [INFO] Config prebuild_0_hash_proj_v2
2025-09-06 12:32:11,941 P125912 [INFO] ============================================================
2025-09-06 12:32:11,941 P125912 [INFO] Command set_time_zone
2025-09-06 12:32:11,947 P125912 [INFO] Completed successfully.
2025-09-06 12:32:23,416 P126395 [INFO] ************************************************************
2025-09-06 12:32:23,416 P126395 [INFO] ConfigSet Infra-EmbeddedPostBuild
2025-09-06 12:43:03,454 P128211 [INFO] ************************************************************
2025-09-06 12:43:03,454 P128211 [INFO] ConfigSet Infra-EmbeddedPreBuild
2025-09-06 12:43:03,457 P128211 [INFO] ++++++++++++++++++++++++++++++++++++++++++++++++++++++++++++
2025-09-06 12:43:03,457 P128211 [INFO] Config prebuild_0_hash_proj_v2
2025-09-06 12:43:03,457 P128211 [INFO] ============================================================
2025-09-06 12:43:03,457 P128211 [INFO] Command set_time_zone
2025-09-06 12:43:03,463 P128211 [INFO] Completed successfully.
2025-09-06 12:43:14,600 P128752 [INFO] ************************************************************
2025-09-06 12:43:14,601 P128752 [INFO] ConfigSet Infra-EmbeddedPostBuild
2025-09-06 13:26:38,234 P131933 [INFO] ************************************************************
2025-09-06 13:26:38,235 P131933 [INFO] ConfigSet Infra-EmbeddedPreBuild
2025-09-06 13:26:38,237 P131933 [INFO] ++++++++++++++++++++++++++++++++++++++++++++++++++++++++++++
2025-09-06 13:26:38,237 P131933 [INFO] Config prebuild_0_hash_proj_v2
2025-09-06 13:26:38,237 P131933 [INFO] ============================================================
2025-09-06 13:26:38,237 P131933 [INFO] Command set_time_zone
2025-09-06 13:26:38,243 P131933 [INFO] Completed successfully.
2025-09-06 13:26:49,864 P132413 [INFO] ************************************************************
2025-09-06 13:26:49,864 P132413 [INFO] ConfigSet Infra-EmbeddedPostBuild
2025-09-06 13:41:48,280 P136433 [INFO] ************************************************************
2025-09-06 13:41:48,281 P136433 [INFO] ConfigSet Infra-EmbeddedPreBuild
2025-09-06 13:41:48,283 P136433 [INFO] ++++++++++++++++++++++++++++++++++++++++++++++++++++++++++++
2025-09-06 13:41:48,283 P136433 [INFO] Config prebuild_0_hash_proj_v2
2025-09-06 13:41:48,284 P136433 [INFO] ============================================================
2025-09-06 13:41:48,284 P136433 [INFO] Command set_time_zone
2025-09-06 13:41:48,289 P136433 [INFO] Completed successfully.
2025-09-06 13:41:58,631 P136914 [INFO] ************************************************************
2025-09-06 13:41:58,631 P136914 [INFO] ConfigSet Infra-EmbeddedPostBuild
2025-09-06 14:42:34,038 P140797 [INFO] ************************************************************
2025-09-06 14:42:34,038 P140797 [INFO] ConfigSet Infra-EmbeddedPreBuild
2025-09-06 14:42:34,041 P140797 [INFO] ++++++++++++++++++++++++++++++++++++++++++++++++++++++++++++
2025-09-06 14:42:34,041 P140797 [INFO] Config prebuild_0_hash_proj_v2
2025-09-06 14:42:34,041 P140797 [INFO] ============================================================
2025-09-06 14:42:34,041 P140797 [INFO] Command set_time_zone
2025-09-06 14:42:34,047 P140797 [INFO] Completed successfully.
2025-09-06 14:45:51,898 P141852 [INFO] ************************************************************
2025-09-06 14:45:51,899 P141852 [INFO] ConfigSet Infra-EmbeddedPostBuild
2025-09-06 14:49:21,806 P143481 [INFO] ************************************************************
2025-09-06 14:49:21,807 P143481 [INFO] ConfigSet Infra-EmbeddedPreBuild
2025-09-06 14:49:21,809 P143481 [INFO] ++++++++++++++++++++++++++++++++++++++++++++++++++++++++++++
2025-09-06 14:49:21,809 P143481 [INFO] Config prebuild_0_hash_proj_v2
2025-09-06 14:49:21,810 P143481 [INFO] ============================================================
2025-09-06 14:49:21,810 P143481 [INFO] Command set_time_zone
2025-09-06 14:49:21,817 P143481 [INFO] Completed successfully.
2025-09-06 14:49:33,900 P144021 [INFO] ************************************************************
2025-09-06 14:49:33,900 P144021 [INFO] ConfigSet Infra-EmbeddedPostBuild
2025-09-06 14:51:10,822 P145585 [INFO] ************************************************************
2025-09-06 14:51:10,823 P145585 [INFO] ConfigSet Infra-EmbeddedPreBuild
2025-09-06 14:51:10,826 P145585 [INFO] ++++++++++++++++++++++++++++++++++++++++++++++++++++++++++++
2025-09-06 14:51:10,826 P145585 [INFO] Config prebuild_0_hash_proj_v2
2025-09-06 14:51:10,826 P145585 [INFO] ============================================================
2025-09-06 14:51:10,826 P145585 [INFO] Command set_time_zone
2025-09-06 14:51:10,833 P145585 [INFO] Completed successfully.
2025-09-06 14:51:21,695 P146133 [INFO] ************************************************************
2025-09-06 14:51:21,695 P146133 [INFO] ConfigSet Infra-EmbeddedPostBuild
2025-09-06 14:53:59,114 P147750 [INFO] ************************************************************
2025-09-06 14:53:59,115 P147750 [INFO] ConfigSet Infra-EmbeddedPreBuild
2025-09-06 14:53:59,117 P147750 [INFO] ++++++++++++++++++++++++++++++++++++++++++++++++++++++++++++
2025-09-06 14:53:59,118 P147750 [INFO] Config prebuild_0_hash_proj_v2
2025-09-06 14:53:59,118 P147750 [INFO] ============================================================
2025-09-06 14:53:59,118 P147750 [INFO] Command set_time_zone
2025-09-06 14:53:59,126 P147750 [INFO] Completed successfully.
2025-09-06 14:54:10,891 P148357 [INFO] ************************************************************
2025-09-06 14:54:10,891 P148357 [INFO] ConfigSet Infra-EmbeddedPostBuild
2025-09-06 15:03:58,514 P150322 [INFO] ************************************************************
2025-09-06 15:03:58,515 P150322 [INFO] ConfigSet Infra-EmbeddedPreBuild
2025-09-06 15:03:58,517 P150322 [INFO] ++++++++++++++++++++++++++++++++++++++++++++++++++++++++++++
2025-09-06 15:03:58,517 P150322 [INFO] Config prebuild_0_hash_proj_v2
2025-09-06 15:03:58,518 P150322 [INFO] ============================================================
2025-09-06 15:03:58,518 P150322 [INFO] Command set_time_zone
2025-09-06 15:03:58,526 P150322 [INFO] Completed successfully.
2025-09-06 15:04:11,486 P150862 [INFO] ************************************************************
2025-09-06 15:04:11,486 P150862 [INFO] ConfigSet Infra-EmbeddedPostBuild
2025-09-06 15:06:37,431 P152420 [INFO] ************************************************************
2025-09-06 15:06:37,431 P152420 [INFO] ConfigSet Infra-EmbeddedPreBuild
2025-09-06 15:06:37,438 P152420 [INFO] ++++++++++++++++++++++++++++++++++++++++++++++++++++++++++++
2025-09-06 15:06:37,438 P152420 [INFO] Config prebuild_0_hash_proj_v2
2025-09-06 15:06:37,439 P152420 [INFO] ============================================================
2025-09-06 15:06:37,439 P152420 [INFO] Command set_time_zone
2025-09-06 15:06:37,450 P152420 [INFO] Completed successfully.
2025-09-06 15:06:49,197 P152957 [INFO] ************************************************************
2025-09-06 15:06:49,197 P152957 [INFO] ConfigSet Infra-EmbeddedPostBuild
2025-09-06 15:15:08,618 P154814 [INFO] ************************************************************
2025-09-06 15:15:08,619 P154814 [INFO] ConfigSet Infra-EmbeddedPreBuild
2025-09-06 15:15:08,622 P154814 [INFO] ++++++++++++++++++++++++++++++++++++++++++++++++++++++++++++
2025-09-06 15:15:08,622 P154814 [INFO] Config prebuild_0_hash_proj_v2
2025-09-06 15:15:08,622 P154814 [INFO] ============================================================
2025-09-06 15:15:08,622 P154814 [INFO] Command set_time_zone
2025-09-06 15:15:08,630 P154814 [INFO] Completed successfully.
2025-09-06 15:15:20,885 P155357 [INFO] ************************************************************
2025-09-06 15:15:20,885 P155357 [INFO] ConfigSet Infra-EmbeddedPostBuild
2025-09-06 15:37:23,122 P157617 [INFO] ************************************************************
2025-09-06 15:37:23,123 P157617 [INFO] ConfigSet Infra-EmbeddedPreBuild
2025-09-06 15:37:23,125 P157617 [INFO] ++++++++++++++++++++++++++++++++++++++++++++++++++++++++++++
2025-09-06 15:37:23,125 P157617 [INFO] Config prebuild_0_hash_proj_v2
2025-09-06 15:37:23,126 P157617 [INFO] ============================================================
2025-09-06 15:37:23,126 P157617 [INFO] Command set_time_zone
2025-09-06 15:37:23,134 P157617 [INFO] Completed successfully.
2025-09-06 15:37:35,391 P158154 [INFO] ************************************************************
2025-09-06 15:37:35,391 P158154 [INFO] ConfigSet Infra-EmbeddedPostBuild
2025-09-06 16:01:05,064 P160625 [INFO] ************************************************************
2025-09-06 16:01:05,065 P160625 [INFO] ConfigSet Infra-EmbeddedPreBuild
2025-09-06 16:01:05,068 P160625 [INFO] ++++++++++++++++++++++++++++++++++++++++++++++++++++++++++++
2025-09-06 16:01:05,068 P160625 [INFO] Config prebuild_0_hash_proj_v2
2025-09-06 16:01:05,068 P160625 [INFO] ============================================================
2025-09-06 16:01:05,068 P160625 [INFO] Command set_time_zone
2025-09-06 16:01:05,075 P160625 [INFO] Completed successfully.
2025-09-06 16:01:17,179 P161166 [INFO] ************************************************************
2025-09-06 16:01:17,179 P161166 [INFO] ConfigSet Infra-EmbeddedPostBuild
2025-09-06 16:09:32,583 P162936 [INFO] ************************************************************
2025-09-06 16:09:32,584 P162936 [INFO] ConfigSet Infra-EmbeddedPreBuild
2025-09-06 16:09:32,586 P162936 [INFO] ++++++++++++++++++++++++++++++++++++++++++++++++++++++++++++
2025-09-06 16:09:32,586 P162936 [INFO] Config prebuild_0_hash_proj_v2
2025-09-06 16:09:32,587 P162936 [INFO] ============================================================
2025-09-06 16:09:32,587 P162936 [INFO] Command set_time_zone
2025-09-06 16:09:32,594 P162936 [INFO] Completed successfully.
2025-09-06 16:12:50,724 P163996 [INFO] ************************************************************
2025-09-06 16:12:50,725 P163996 [INFO] ConfigSet Infra-EmbeddedPostBuild
2025-09-06 16:18:29,500 P167305 [INFO] ************************************************************
2025-09-06 16:18:29,501 P167305 [INFO] ConfigSet Infra-EmbeddedPreBuild
2025-09-06 16:18:29,505 P167305 [INFO] ++++++++++++++++++++++++++++++++++++++++++++++++++++++++++++
2025-09-06 16:18:29,505 P167305 [INFO] Config prebuild_0_hash_proj_v2
2025-09-06 16:18:29,505 P167305 [INFO] ============================================================
2025-09-06 16:18:29,505 P167305 [INFO] Command set_time_zone
2025-09-06 16:18:29,527 P167305 [INFO] Completed successfully.
2025-09-06 16:18:45,085 P168023 [INFO] ************************************************************
2025-09-06 16:18:45,085 P168023 [INFO] ConfigSet Infra-EmbeddedPostBuild
