2025/09/05 13:56:24.842223 [INFO] Cleaning log publish record...
2025/09/05 13:56:24.842283 [INFO] Start log publish job.
2025/09/05 13:56:24.842289 [INFO] Start publish file /tmp/TailLogs-1757048184812.txt
2025/09/05 13:56:24.942147 [INFO] Successful upload file /tmp/TailLogs-1757048184812.txt to s3 resources/environments/logs/tail/e-deie3pymih/i-04f9f98ff1ff3e3e3/TailLogs-1757048184812.txt
2025/09/05 13:56:24.942343 [INFO] Finished log publish job.
2025/09/05 13:56:49.405541 [INFO] Cleaning log publish record...
2025/09/05 13:56:49.405609 [INFO] /tmp/TailLogs-1757048184812.txt exists, no need for clean up
2025/09/05 13:56:49.405616 [INFO] Start log publish job.
2025/09/05 13:56:49.405620 [INFO] Start publish file /tmp/BundleLogs-1757048209342.zip
2025/09/05 13:56:49.476260 [INFO] Successful upload file /tmp/BundleLogs-1757048209342.zip to s3 resources/environments/logs/bundle/e-deie3pymih/i-04f9f98ff1ff3e3e3/BundleLogs-1757048209342.zip
2025/09/05 13:56:49.476425 [INFO] Finished log publish job.
2025/09/05 14:21:12.092745 [INFO] Cleaning log publish record...
2025/09/05 14:21:12.093606 [INFO] /tmp/TailLogs-1757048184812.txt exists, no need for clean up
2025/09/05 14:21:12.093769 [INFO] /tmp/BundleLogs-1757048209342.zip exists, no need for clean up
2025/09/05 14:21:12.093777 [INFO] Start log publish job.
2025/09/05 14:21:12.093782 [INFO] Start publish file /tmp/TailLogs-1757049672052.txt
2025/09/05 14:21:12.166625 [INFO] Successful upload file /tmp/TailLogs-1757049672052.txt to s3 resources/environments/logs/tail/e-deie3pymih/i-04f9f98ff1ff3e3e3/TailLogs-1757049672052.txt
2025/09/05 14:21:12.166826 [INFO] Finished log publish job.
2025/09/05 14:23:29.512650 [INFO] Cleaning log publish record...
2025/09/05 14:23:29.513361 [INFO] /tmp/TailLogs-1757048184812.txt exists, no need for clean up
2025/09/05 14:23:29.513374 [INFO] /tmp/BundleLogs-1757048209342.zip exists, no need for clean up
2025/09/05 14:23:29.513453 [INFO] /tmp/TailLogs-1757049672052.txt exists, no need for clean up
2025/09/05 14:23:29.513460 [INFO] Start log publish job.
2025/09/05 14:23:29.513466 [INFO] Start publish file /tmp/TailLogs-1757049809489.txt
2025/09/05 14:23:29.583002 [INFO] Successful upload file /tmp/TailLogs-1757049809489.txt to s3 resources/environments/logs/tail/e-deie3pymih/i-04f9f98ff1ff3e3e3/TailLogs-1757049809489.txt
2025/09/05 14:23:29.583869 [INFO] Finished log publish job.
2025/09/05 14:25:06.743893 [INFO] Cleaning log publish record...
2025/09/05 14:25:06.743956 [INFO] /tmp/TailLogs-1757048184812.txt exists, no need for clean up
2025/09/05 14:25:06.743965 [INFO] /tmp/BundleLogs-1757048209342.zip exists, no need for clean up
2025/09/05 14:25:06.743972 [INFO] /tmp/TailLogs-1757049672052.txt exists, no need for clean up
2025/09/05 14:25:06.743980 [INFO] /tmp/TailLogs-1757049809489.txt exists, no need for clean up
2025/09/05 14:25:06.743984 [INFO] Start log publish job.
2025/09/05 14:25:06.743987 [INFO] Start publish file /tmp/TailLogs-1757049906727.txt
2025/09/05 14:25:06.828687 [INFO] Successful upload file /tmp/TailLogs-1757049906727.txt to s3 resources/environments/logs/tail/e-deie3pymih/i-04f9f98ff1ff3e3e3/TailLogs-1757049906727.txt
2025/09/05 14:25:06.828932 [INFO] Finished log publish job.
2025/09/05 14:33:54.247181 [INFO] Cleaning log publish record...
2025/09/05 14:33:54.247257 [INFO] /tmp/TailLogs-1757048184812.txt exists, no need for clean up
2025/09/05 14:33:54.247266 [INFO] /tmp/BundleLogs-1757048209342.zip exists, no need for clean up
2025/09/05 14:33:54.247274 [INFO] /tmp/TailLogs-1757049672052.txt exists, no need for clean up
2025/09/05 14:33:54.247282 [INFO] /tmp/TailLogs-1757049809489.txt exists, no need for clean up
2025/09/05 14:33:54.247289 [INFO] /tmp/TailLogs-1757049906727.txt exists, no need for clean up
2025/09/05 14:33:54.247293 [INFO] Start log publish job.
2025/09/05 14:33:54.247297 [INFO] Start publish file /tmp/TailLogs-1757050434230.txt
2025/09/05 14:33:54.312048 [INFO] Successful upload file /tmp/TailLogs-1757050434230.txt to s3 resources/environments/logs/tail/e-deie3pymih/i-04f9f98ff1ff3e3e3/TailLogs-1757050434230.txt
2025/09/05 14:33:54.312239 [INFO] Finished log publish job.
2025/09/05 14:39:37.937405 [INFO] Cleaning log publish record...
2025/09/05 14:39:37.938658 [INFO] /tmp/TailLogs-1757048184812.txt exists, no need for clean up
2025/09/05 14:39:37.938670 [INFO] /tmp/BundleLogs-1757048209342.zip exists, no need for clean up
2025/09/05 14:39:37.938678 [INFO] /tmp/TailLogs-1757049672052.txt exists, no need for clean up
2025/09/05 14:39:37.938685 [INFO] /tmp/TailLogs-1757049809489.txt exists, no need for clean up
2025/09/05 14:39:37.938693 [INFO] /tmp/TailLogs-1757049906727.txt exists, no need for clean up
2025/09/05 14:39:37.938700 [INFO] /tmp/TailLogs-1757050434230.txt exists, no need for clean up
2025/09/05 14:39:37.938704 [INFO] Start log publish job.
2025/09/05 14:39:37.938708 [INFO] Start publish file /tmp/TailLogs-1757050777906.txt
2025/09/05 14:39:38.016448 [INFO] Successful upload file /tmp/TailLogs-1757050777906.txt to s3 resources/environments/logs/tail/e-deie3pymih/i-04f9f98ff1ff3e3e3/TailLogs-1757050777906.txt
2025/09/05 14:39:38.016653 [INFO] Finished log publish job.
2025/09/05 15:40:46.736138 [INFO] Cleaning log publish record...
2025/09/05 15:40:46.737442 [INFO] /tmp/TailLogs-1757048184812.txt exists, no need for clean up
2025/09/05 15:40:46.737454 [INFO] /tmp/BundleLogs-1757048209342.zip exists, no need for clean up
2025/09/05 15:40:46.737462 [INFO] /tmp/TailLogs-1757049672052.txt exists, no need for clean up
2025/09/05 15:40:46.737472 [INFO] /tmp/TailLogs-1757049809489.txt exists, no need for clean up
2025/09/05 15:40:46.737479 [INFO] /tmp/TailLogs-1757049906727.txt exists, no need for clean up
2025/09/05 15:40:46.737490 [INFO] /tmp/TailLogs-1757050434230.txt exists, no need for clean up
2025/09/05 15:40:46.737497 [INFO] /tmp/TailLogs-1757050777906.txt exists, no need for clean up
2025/09/05 15:40:46.737501 [INFO] Start log publish job.
2025/09/05 15:40:46.737505 [INFO] Start publish file /tmp/TailLogs-1757054446711.txt
2025/09/05 15:40:46.839918 [INFO] Successful upload file /tmp/TailLogs-1757054446711.txt to s3 resources/environments/logs/tail/e-deie3pymih/i-04f9f98ff1ff3e3e3/TailLogs-1757054446711.txt
2025/09/05 15:40:46.840111 [INFO] Finished log publish job.
2025/09/05 15:42:11.175967 [INFO] Cleaning log publish record...
2025/09/05 15:42:11.176073 [INFO] /tmp/TailLogs-1757048184812.txt exists, no need for clean up
2025/09/05 15:42:11.176087 [INFO] /tmp/BundleLogs-1757048209342.zip exists, no need for clean up
2025/09/05 15:42:11.176096 [INFO] /tmp/TailLogs-1757049672052.txt exists, no need for clean up
2025/09/05 15:42:11.176105 [INFO] /tmp/TailLogs-1757049809489.txt exists, no need for clean up
2025/09/05 15:42:11.176112 [INFO] /tmp/TailLogs-1757049906727.txt exists, no need for clean up
2025/09/05 15:42:11.176120 [INFO] /tmp/TailLogs-1757050434230.txt exists, no need for clean up
2025/09/05 15:42:11.176127 [INFO] /tmp/TailLogs-1757050777906.txt exists, no need for clean up
2025/09/05 15:42:11.176134 [INFO] /tmp/TailLogs-1757054446711.txt exists, no need for clean up
2025/09/05 15:42:11.176138 [INFO] Start log publish job.
2025/09/05 15:42:11.176142 [INFO] Start publish file /tmp/TailLogs-1757054531155.txt
2025/09/05 15:42:11.260549 [INFO] Successful upload file /tmp/TailLogs-1757054531155.txt to s3 resources/environments/logs/tail/e-deie3pymih/i-04f9f98ff1ff3e3e3/TailLogs-1757054531155.txt
2025/09/05 15:42:11.260786 [INFO] Finished log publish job.
2025/09/06 07:01:38.929143 [INFO] Cleaning log publish record...
2025/09/06 07:01:38.931431 [INFO] /tmp/TailLogs-1757048184812.txt exists, no need for clean up
2025/09/06 07:01:38.931445 [INFO] /tmp/BundleLogs-1757048209342.zip exists, no need for clean up
2025/09/06 07:01:38.931452 [INFO] /tmp/TailLogs-1757049672052.txt exists, no need for clean up
2025/09/06 07:01:38.931460 [INFO] /tmp/TailLogs-1757049809489.txt exists, no need for clean up
2025/09/06 07:01:38.931467 [INFO] /tmp/TailLogs-1757049906727.txt exists, no need for clean up
2025/09/06 07:01:38.931475 [INFO] /tmp/TailLogs-1757050434230.txt exists, no need for clean up
2025/09/06 07:01:38.931482 [INFO] /tmp/TailLogs-1757050777906.txt exists, no need for clean up
2025/09/06 07:01:38.931503 [INFO] /tmp/TailLogs-1757054446711.txt exists, no need for clean up
2025/09/06 07:01:38.931510 [INFO] /tmp/TailLogs-1757054531155.txt exists, no need for clean up
2025/09/06 07:01:38.931514 [INFO] Start log publish job.
2025/09/06 07:01:38.931518 [INFO] Start publish file /tmp/BundleLogs-1757109698569.zip
2025/09/06 07:01:39.051256 [INFO] Successful upload file /tmp/BundleLogs-1757109698569.zip to s3 resources/environments/logs/bundle/e-deie3pymih/i-04f9f98ff1ff3e3e3/BundleLogs-1757109698569.zip
2025/09/06 07:01:39.051461 [INFO] Finished log publish job.
2025/09/06 07:02:54.389115 [INFO] Cleaning log publish record...
2025/09/06 07:02:54.389221 [INFO] /tmp/TailLogs-1757048184812.txt exists, no need for clean up
2025/09/06 07:02:54.389232 [INFO] /tmp/BundleLogs-1757048209342.zip exists, no need for clean up
2025/09/06 07:02:54.389240 [INFO] /tmp/TailLogs-1757049672052.txt exists, no need for clean up
2025/09/06 07:02:54.389247 [INFO] /tmp/TailLogs-1757049809489.txt exists, no need for clean up
2025/09/06 07:02:54.389255 [INFO] /tmp/TailLogs-1757049906727.txt exists, no need for clean up
2025/09/06 07:02:54.389262 [INFO] /tmp/TailLogs-1757050434230.txt exists, no need for clean up
2025/09/06 07:02:54.389270 [INFO] /tmp/TailLogs-1757050777906.txt exists, no need for clean up
2025/09/06 07:02:54.389277 [INFO] /tmp/TailLogs-1757054446711.txt exists, no need for clean up
2025/09/06 07:02:54.389284 [INFO] /tmp/TailLogs-1757054531155.txt exists, no need for clean up
2025/09/06 07:02:54.389291 [INFO] /tmp/BundleLogs-1757109698569.zip exists, no need for clean up
2025/09/06 07:02:54.389295 [INFO] Start log publish job.
2025/09/06 07:02:54.389299 [INFO] Start publish file /tmp/TailLogs-1757109774366.txt
2025/09/06 07:02:54.454517 [INFO] Successful upload file /tmp/TailLogs-1757109774366.txt to s3 resources/environments/logs/tail/e-deie3pymih/i-04f9f98ff1ff3e3e3/TailLogs-1757109774366.txt
2025/09/06 07:02:54.454735 [INFO] Finished log publish job.
2025/09/06 07:09:35.689973 [INFO] Cleaning log publish record...
2025/09/06 07:09:35.690060 [INFO] /tmp/TailLogs-1757048184812.txt exists, no need for clean up
2025/09/06 07:09:35.690071 [INFO] /tmp/BundleLogs-1757048209342.zip exists, no need for clean up
2025/09/06 07:09:35.690079 [INFO] /tmp/TailLogs-1757049672052.txt exists, no need for clean up
2025/09/06 07:09:35.690086 [INFO] /tmp/TailLogs-1757049809489.txt exists, no need for clean up
2025/09/06 07:09:35.690094 [INFO] /tmp/TailLogs-1757049906727.txt exists, no need for clean up
2025/09/06 07:09:35.690101 [INFO] /tmp/TailLogs-1757050434230.txt exists, no need for clean up
2025/09/06 07:09:35.690108 [INFO] /tmp/TailLogs-1757050777906.txt exists, no need for clean up
2025/09/06 07:09:35.690115 [INFO] /tmp/TailLogs-1757054446711.txt exists, no need for clean up
2025/09/06 07:09:35.690122 [INFO] /tmp/TailLogs-1757054531155.txt exists, no need for clean up
2025/09/06 07:09:35.690129 [INFO] /tmp/BundleLogs-1757109698569.zip exists, no need for clean up
2025/09/06 07:09:35.690137 [INFO] /tmp/TailLogs-1757109774366.txt exists, no need for clean up
2025/09/06 07:09:35.690140 [INFO] Start log publish job.
2025/09/06 07:09:35.690144 [INFO] Start publish file /tmp/BundleLogs-1757110175315.zip
2025/09/06 07:09:35.802255 [INFO] Successful upload file /tmp/BundleLogs-1757110175315.zip to s3 resources/environments/logs/bundle/e-deie3pymih/i-04f9f98ff1ff3e3e3/BundleLogs-1757110175315.zip
2025/09/06 07:09:35.802472 [INFO] Finished log publish job.
2025/09/06 07:29:25.502637 [INFO] Cleaning log publish record...
2025/09/06 07:29:25.503259 [INFO] /tmp/TailLogs-1757048184812.txt exists, no need for clean up
2025/09/06 07:29:25.503270 [INFO] /tmp/BundleLogs-1757048209342.zip exists, no need for clean up
2025/09/06 07:29:25.503278 [INFO] /tmp/TailLogs-1757049672052.txt exists, no need for clean up
2025/09/06 07:29:25.503286 [INFO] /tmp/TailLogs-1757049809489.txt exists, no need for clean up
2025/09/06 07:29:25.503294 [INFO] /tmp/TailLogs-1757049906727.txt exists, no need for clean up
2025/09/06 07:29:25.503308 [INFO] /tmp/TailLogs-1757050434230.txt exists, no need for clean up
2025/09/06 07:29:25.503315 [INFO] /tmp/TailLogs-1757050777906.txt exists, no need for clean up
2025/09/06 07:29:25.503322 [INFO] /tmp/TailLogs-1757054446711.txt exists, no need for clean up
2025/09/06 07:29:25.503329 [INFO] /tmp/TailLogs-1757054531155.txt exists, no need for clean up
2025/09/06 07:29:25.503336 [INFO] /tmp/BundleLogs-1757109698569.zip exists, no need for clean up
2025/09/06 07:29:25.503343 [INFO] /tmp/TailLogs-1757109774366.txt exists, no need for clean up
2025/09/06 07:29:25.503350 [INFO] /tmp/BundleLogs-1757110175315.zip exists, no need for clean up
2025/09/06 07:29:25.503354 [INFO] Start log publish job.
2025/09/06 07:29:25.503358 [INFO] Start publish file /tmp/TailLogs-1757111365480.txt
2025/09/06 07:29:25.568845 [INFO] Successful upload file /tmp/TailLogs-1757111365480.txt to s3 resources/environments/logs/tail/e-deie3pymih/i-04f9f98ff1ff3e3e3/TailLogs-1757111365480.txt
2025/09/06 07:29:25.569032 [INFO] Finished log publish job.
2025/09/06 07:35:15.919745 [INFO] Cleaning log publish record...
2025/09/06 07:35:15.919834 [INFO] /tmp/TailLogs-1757048184812.txt exists, no need for clean up
2025/09/06 07:35:15.919844 [INFO] /tmp/BundleLogs-1757048209342.zip exists, no need for clean up
2025/09/06 07:35:15.919853 [INFO] /tmp/TailLogs-1757049672052.txt exists, no need for clean up
2025/09/06 07:35:15.919861 [INFO] /tmp/TailLogs-1757049809489.txt exists, no need for clean up
2025/09/06 07:35:15.919869 [INFO] /tmp/TailLogs-1757049906727.txt exists, no need for clean up
2025/09/06 07:35:15.919876 [INFO] /tmp/TailLogs-1757050434230.txt exists, no need for clean up
2025/09/06 07:35:15.919883 [INFO] /tmp/TailLogs-1757050777906.txt exists, no need for clean up
2025/09/06 07:35:15.919891 [INFO] /tmp/TailLogs-1757054446711.txt exists, no need for clean up
2025/09/06 07:35:15.919898 [INFO] /tmp/TailLogs-1757054531155.txt exists, no need for clean up
2025/09/06 07:35:15.919905 [INFO] /tmp/BundleLogs-1757109698569.zip exists, no need for clean up
2025/09/06 07:35:15.919913 [INFO] /tmp/TailLogs-1757109774366.txt exists, no need for clean up
2025/09/06 07:35:15.919920 [INFO] /tmp/BundleLogs-1757110175315.zip exists, no need for clean up
2025/09/06 07:35:15.919927 [INFO] /tmp/TailLogs-1757111365480.txt exists, no need for clean up
2025/09/06 07:35:15.919931 [INFO] Start log publish job.
2025/09/06 07:35:15.919935 [INFO] Start publish file /tmp/BundleLogs-1757111715524.zip
2025/09/06 07:35:16.020227 [INFO] Successful upload file /tmp/BundleLogs-1757111715524.zip to s3 resources/environments/logs/bundle/e-deie3pymih/i-04f9f98ff1ff3e3e3/BundleLogs-1757111715524.zip
2025/09/06 07:35:16.020432 [INFO] Finished log publish job.
2025/09/06 10:25:59.059821 [INFO] Cleaning log publish record...
2025/09/06 10:25:59.060464 [INFO] /tmp/TailLogs-1757048184812.txt exists, no need for clean up
2025/09/06 10:25:59.060477 [INFO] /tmp/BundleLogs-1757048209342.zip exists, no need for clean up
2025/09/06 10:25:59.060485 [INFO] /tmp/TailLogs-1757049672052.txt exists, no need for clean up
2025/09/06 10:25:59.060493 [INFO] /tmp/TailLogs-1757049809489.txt exists, no need for clean up
2025/09/06 10:25:59.060501 [INFO] /tmp/TailLogs-1757049906727.txt exists, no need for clean up
2025/09/06 10:25:59.060509 [INFO] /tmp/TailLogs-1757050434230.txt exists, no need for clean up
2025/09/06 10:25:59.060517 [INFO] /tmp/TailLogs-1757050777906.txt exists, no need for clean up
2025/09/06 10:25:59.060524 [INFO] /tmp/TailLogs-1757054446711.txt exists, no need for clean up
2025/09/06 10:25:59.060532 [INFO] /tmp/TailLogs-1757054531155.txt exists, no need for clean up
2025/09/06 10:25:59.060539 [INFO] /tmp/BundleLogs-1757109698569.zip exists, no need for clean up
2025/09/06 10:25:59.060546 [INFO] /tmp/TailLogs-1757109774366.txt exists, no need for clean up
2025/09/06 10:25:59.060553 [INFO] /tmp/BundleLogs-1757110175315.zip exists, no need for clean up
2025/09/06 10:25:59.060560 [INFO] /tmp/TailLogs-1757111365480.txt exists, no need for clean up
2025/09/06 10:25:59.060576 [INFO] /tmp/BundleLogs-1757111715524.zip exists, no need for clean up
2025/09/06 10:25:59.060581 [INFO] Start log publish job.
2025/09/06 10:25:59.060585 [INFO] Start publish file /tmp/BundleLogs-1757121958589.zip
2025/09/06 10:25:59.223784 [INFO] Successful upload file /tmp/BundleLogs-1757121958589.zip to s3 resources/environments/logs/bundle/e-deie3pymih/i-04f9f98ff1ff3e3e3/BundleLogs-1757121958589.zip
2025/09/06 10:25:59.223971 [INFO] Finished log publish job.
2025/09/06 10:26:24.627931 [INFO] Cleaning log publish record...
2025/09/06 10:26:24.628003 [INFO] /tmp/TailLogs-1757048184812.txt exists, no need for clean up
2025/09/06 10:26:24.628013 [INFO] /tmp/BundleLogs-1757048209342.zip exists, no need for clean up
2025/09/06 10:26:24.628021 [INFO] /tmp/TailLogs-1757049672052.txt exists, no need for clean up
2025/09/06 10:26:24.628028 [INFO] /tmp/TailLogs-1757049809489.txt exists, no need for clean up
2025/09/06 10:26:24.628036 [INFO] /tmp/TailLogs-1757049906727.txt exists, no need for clean up
2025/09/06 10:26:24.628043 [INFO] /tmp/TailLogs-1757050434230.txt exists, no need for clean up
2025/09/06 10:26:24.628050 [INFO] /tmp/TailLogs-1757050777906.txt exists, no need for clean up
2025/09/06 10:26:24.628057 [INFO] /tmp/TailLogs-1757054446711.txt exists, no need for clean up
2025/09/06 10:26:24.628064 [INFO] /tmp/TailLogs-1757054531155.txt exists, no need for clean up
2025/09/06 10:26:24.628071 [INFO] /tmp/BundleLogs-1757109698569.zip exists, no need for clean up
2025/09/06 10:26:24.628079 [INFO] /tmp/TailLogs-1757109774366.txt exists, no need for clean up
2025/09/06 10:26:24.628086 [INFO] /tmp/BundleLogs-1757110175315.zip exists, no need for clean up
2025/09/06 10:26:24.628093 [INFO] /tmp/TailLogs-1757111365480.txt exists, no need for clean up
2025/09/06 10:26:24.628101 [INFO] /tmp/BundleLogs-1757111715524.zip exists, no need for clean up
2025/09/06 10:26:24.628108 [INFO] /tmp/BundleLogs-1757121958589.zip exists, no need for clean up
2025/09/06 10:26:24.628112 [INFO] Start log publish job.
2025/09/06 10:26:24.628116 [INFO] Start publish file /tmp/BundleLogs-1757121984202.zip
2025/09/06 10:26:24.765244 [INFO] Successful upload file /tmp/BundleLogs-1757121984202.zip to s3 resources/environments/logs/bundle/e-deie3pymih/i-04f9f98ff1ff3e3e3/BundleLogs-1757121984202.zip
2025/09/06 10:26:24.765415 [INFO] Finished log publish job.
2025/09/06 10:53:24.672823 [INFO] Cleaning log publish record...
2025/09/06 10:53:24.672903 [INFO] /tmp/TailLogs-1757048184812.txt exists, no need for clean up
2025/09/06 10:53:24.672913 [INFO] /tmp/BundleLogs-1757048209342.zip exists, no need for clean up
2025/09/06 10:53:24.672921 [INFO] /tmp/TailLogs-1757049672052.txt exists, no need for clean up
2025/09/06 10:53:24.672929 [INFO] /tmp/TailLogs-1757049809489.txt exists, no need for clean up
2025/09/06 10:53:24.672936 [INFO] /tmp/TailLogs-1757049906727.txt exists, no need for clean up
2025/09/06 10:53:24.672943 [INFO] /tmp/TailLogs-1757050434230.txt exists, no need for clean up
2025/09/06 10:53:24.672950 [INFO] /tmp/TailLogs-1757050777906.txt exists, no need for clean up
2025/09/06 10:53:24.672957 [INFO] /tmp/TailLogs-1757054446711.txt exists, no need for clean up
2025/09/06 10:53:24.672965 [INFO] /tmp/TailLogs-1757054531155.txt exists, no need for clean up
2025/09/06 10:53:24.672972 [INFO] /tmp/BundleLogs-1757109698569.zip exists, no need for clean up
2025/09/06 10:53:24.672979 [INFO] /tmp/TailLogs-1757109774366.txt exists, no need for clean up
2025/09/06 10:53:24.672987 [INFO] /tmp/BundleLogs-1757110175315.zip exists, no need for clean up
2025/09/06 10:53:24.672994 [INFO] /tmp/TailLogs-1757111365480.txt exists, no need for clean up
2025/09/06 10:53:24.673002 [INFO] /tmp/BundleLogs-1757111715524.zip exists, no need for clean up
2025/09/06 10:53:24.673009 [INFO] /tmp/BundleLogs-1757121958589.zip exists, no need for clean up
2025/09/06 10:53:24.673016 [INFO] /tmp/BundleLogs-1757121984202.zip exists, no need for clean up
2025/09/06 10:53:24.673020 [INFO] Start log publish job.
2025/09/06 10:53:24.673024 [INFO] Start publish file /tmp/BundleLogs-1757123604184.zip
2025/09/06 10:53:24.821601 [INFO] Successful upload file /tmp/BundleLogs-1757123604184.zip to s3 resources/environments/logs/bundle/e-deie3pymih/i-04f9f98ff1ff3e3e3/BundleLogs-1757123604184.zip
2025/09/06 10:53:24.821786 [INFO] Finished log publish job.
2025/09/06 10:57:36.139680 [INFO] Cleaning log publish record...
2025/09/06 10:57:36.139766 [INFO] /tmp/TailLogs-1757048184812.txt exists, no need for clean up
2025/09/06 10:57:36.139776 [INFO] /tmp/BundleLogs-1757048209342.zip exists, no need for clean up
2025/09/06 10:57:36.139784 [INFO] /tmp/TailLogs-1757049672052.txt exists, no need for clean up
2025/09/06 10:57:36.139791 [INFO] /tmp/TailLogs-1757049809489.txt exists, no need for clean up
2025/09/06 10:57:36.139799 [INFO] /tmp/TailLogs-1757049906727.txt exists, no need for clean up
2025/09/06 10:57:36.139806 [INFO] /tmp/TailLogs-1757050434230.txt exists, no need for clean up
2025/09/06 10:57:36.139813 [INFO] /tmp/TailLogs-1757050777906.txt exists, no need for clean up
2025/09/06 10:57:36.139821 [INFO] /tmp/TailLogs-1757054446711.txt exists, no need for clean up
2025/09/06 10:57:36.139828 [INFO] /tmp/TailLogs-1757054531155.txt exists, no need for clean up
2025/09/06 10:57:36.139835 [INFO] /tmp/BundleLogs-1757109698569.zip exists, no need for clean up
2025/09/06 10:57:36.139843 [INFO] /tmp/TailLogs-1757109774366.txt exists, no need for clean up
2025/09/06 10:57:36.139850 [INFO] /tmp/BundleLogs-1757110175315.zip exists, no need for clean up
2025/09/06 10:57:36.139857 [INFO] /tmp/TailLogs-1757111365480.txt exists, no need for clean up
2025/09/06 10:57:36.139865 [INFO] /tmp/BundleLogs-1757111715524.zip exists, no need for clean up
2025/09/06 10:57:36.139873 [INFO] /tmp/BundleLogs-1757121958589.zip exists, no need for clean up
2025/09/06 10:57:36.139880 [INFO] /tmp/BundleLogs-1757121984202.zip exists, no need for clean up
2025/09/06 10:57:36.139887 [INFO] /tmp/BundleLogs-1757123604184.zip exists, no need for clean up
2025/09/06 10:57:36.139890 [INFO] Start log publish job.
2025/09/06 10:57:36.139895 [INFO] Start publish file /tmp/BundleLogs-1757123855694.zip
2025/09/06 10:57:36.320311 [INFO] Successful upload file /tmp/BundleLogs-1757123855694.zip to s3 resources/environments/logs/bundle/e-deie3pymih/i-04f9f98ff1ff3e3e3/BundleLogs-1757123855694.zip
2025/09/06 10:57:36.320493 [INFO] Finished log publish job.
2025/09/06 10:59:34.500661 [INFO] Cleaning log publish record...
2025/09/06 10:59:34.500753 [INFO] /tmp/TailLogs-1757048184812.txt exists, no need for clean up
2025/09/06 10:59:34.500763 [INFO] /tmp/BundleLogs-1757048209342.zip exists, no need for clean up
2025/09/06 10:59:34.500771 [INFO] /tmp/TailLogs-1757049672052.txt exists, no need for clean up
2025/09/06 10:59:34.500779 [INFO] /tmp/TailLogs-1757049809489.txt exists, no need for clean up
2025/09/06 10:59:34.500786 [INFO] /tmp/TailLogs-1757049906727.txt exists, no need for clean up
2025/09/06 10:59:34.500794 [INFO] /tmp/TailLogs-1757050434230.txt exists, no need for clean up
2025/09/06 10:59:34.500801 [INFO] /tmp/TailLogs-1757050777906.txt exists, no need for clean up
2025/09/06 10:59:34.500809 [INFO] /tmp/TailLogs-1757054446711.txt exists, no need for clean up
2025/09/06 10:59:34.500816 [INFO] /tmp/TailLogs-1757054531155.txt exists, no need for clean up
2025/09/06 10:59:34.500823 [INFO] /tmp/BundleLogs-1757109698569.zip exists, no need for clean up
2025/09/06 10:59:34.500831 [INFO] /tmp/TailLogs-1757109774366.txt exists, no need for clean up
2025/09/06 10:59:34.500838 [INFO] /tmp/BundleLogs-1757110175315.zip exists, no need for clean up
2025/09/06 10:59:34.500845 [INFO] /tmp/TailLogs-1757111365480.txt exists, no need for clean up
2025/09/06 10:59:34.500853 [INFO] /tmp/BundleLogs-1757111715524.zip exists, no need for clean up
2025/09/06 10:59:34.500860 [INFO] /tmp/BundleLogs-1757121958589.zip exists, no need for clean up
2025/09/06 10:59:34.500867 [INFO] /tmp/BundleLogs-1757121984202.zip exists, no need for clean up
2025/09/06 10:59:34.500874 [INFO] /tmp/BundleLogs-1757123604184.zip exists, no need for clean up
2025/09/06 10:59:34.500881 [INFO] /tmp/BundleLogs-1757123855694.zip exists, no need for clean up
2025/09/06 10:59:34.500894 [INFO] Start log publish job.
2025/09/06 10:59:34.500898 [INFO] Start publish file /tmp/BundleLogs-1757123974033.zip
2025/09/06 10:59:34.597357 [INFO] Successful upload file /tmp/BundleLogs-1757123974033.zip to s3 resources/environments/logs/bundle/e-deie3pymih/i-04f9f98ff1ff3e3e3/BundleLogs-1757123974033.zip
2025/09/06 10:59:34.597568 [INFO] Finished log publish job.
2025/09/06 11:08:34.676177 [INFO] Cleaning log publish record...
2025/09/06 11:08:34.676250 [INFO] /tmp/TailLogs-1757048184812.txt exists, no need for clean up
2025/09/06 11:08:34.676260 [INFO] /tmp/BundleLogs-1757048209342.zip exists, no need for clean up
2025/09/06 11:08:34.676268 [INFO] /tmp/TailLogs-1757049672052.txt exists, no need for clean up
2025/09/06 11:08:34.676275 [INFO] /tmp/TailLogs-1757049809489.txt exists, no need for clean up
2025/09/06 11:08:34.676283 [INFO] /tmp/TailLogs-1757049906727.txt exists, no need for clean up
2025/09/06 11:08:34.676290 [INFO] /tmp/TailLogs-1757050434230.txt exists, no need for clean up
2025/09/06 11:08:34.676298 [INFO] /tmp/TailLogs-1757050777906.txt exists, no need for clean up
2025/09/06 11:08:34.676305 [INFO] /tmp/TailLogs-1757054446711.txt exists, no need for clean up
2025/09/06 11:08:34.676312 [INFO] /tmp/TailLogs-1757054531155.txt exists, no need for clean up
2025/09/06 11:08:34.676319 [INFO] /tmp/BundleLogs-1757109698569.zip exists, no need for clean up
2025/09/06 11:08:34.676327 [INFO] /tmp/TailLogs-1757109774366.txt exists, no need for clean up
2025/09/06 11:08:34.676334 [INFO] /tmp/BundleLogs-1757110175315.zip exists, no need for clean up
2025/09/06 11:08:34.676341 [INFO] /tmp/TailLogs-1757111365480.txt exists, no need for clean up
2025/09/06 11:08:34.676349 [INFO] /tmp/BundleLogs-1757111715524.zip exists, no need for clean up
2025/09/06 11:08:34.676356 [INFO] /tmp/BundleLogs-1757121958589.zip exists, no need for clean up
2025/09/06 11:08:34.676363 [INFO] /tmp/BundleLogs-1757121984202.zip exists, no need for clean up
2025/09/06 11:08:34.676370 [INFO] /tmp/BundleLogs-1757123604184.zip exists, no need for clean up
2025/09/06 11:08:34.676377 [INFO] /tmp/BundleLogs-1757123855694.zip exists, no need for clean up
2025/09/06 11:08:34.676384 [INFO] /tmp/BundleLogs-1757123974033.zip exists, no need for clean up
2025/09/06 11:08:34.676388 [INFO] Start log publish job.
2025/09/06 11:08:34.676392 [INFO] Start publish file /tmp/TailLogs-1757124514658.txt
2025/09/06 11:08:34.733843 [INFO] Successful upload file /tmp/TailLogs-1757124514658.txt to s3 resources/environments/logs/tail/e-deie3pymih/i-04f9f98ff1ff3e3e3/TailLogs-1757124514658.txt
2025/09/06 11:08:34.734019 [INFO] Finished log publish job.
2025/09/06 11:54:23.613485 [INFO] Cleaning log publish record...
2025/09/06 11:54:23.613668 [INFO] /tmp/TailLogs-1757048184812.txt exists, no need for clean up
2025/09/06 11:54:23.613685 [INFO] /tmp/BundleLogs-1757048209342.zip exists, no need for clean up
2025/09/06 11:54:23.613693 [INFO] /tmp/TailLogs-1757049672052.txt exists, no need for clean up
2025/09/06 11:54:23.613701 [INFO] /tmp/TailLogs-1757049809489.txt exists, no need for clean up
2025/09/06 11:54:23.613709 [INFO] /tmp/TailLogs-1757049906727.txt exists, no need for clean up
2025/09/06 11:54:23.613716 [INFO] /tmp/TailLogs-1757050434230.txt exists, no need for clean up
2025/09/06 11:54:23.613723 [INFO] /tmp/TailLogs-1757050777906.txt exists, no need for clean up
2025/09/06 11:54:23.613730 [INFO] /tmp/TailLogs-1757054446711.txt exists, no need for clean up
2025/09/06 11:54:23.613737 [INFO] /tmp/TailLogs-1757054531155.txt exists, no need for clean up
2025/09/06 11:54:23.613745 [INFO] /tmp/BundleLogs-1757109698569.zip exists, no need for clean up
2025/09/06 11:54:23.613752 [INFO] /tmp/TailLogs-1757109774366.txt exists, no need for clean up
2025/09/06 11:54:23.613759 [INFO] /tmp/BundleLogs-1757110175315.zip exists, no need for clean up
2025/09/06 11:54:23.613766 [INFO] /tmp/TailLogs-1757111365480.txt exists, no need for clean up
2025/09/06 11:54:23.613773 [INFO] /tmp/BundleLogs-1757111715524.zip exists, no need for clean up
2025/09/06 11:54:23.613794 [INFO] /tmp/BundleLogs-1757121958589.zip exists, no need for clean up
2025/09/06 11:54:23.613802 [INFO] /tmp/BundleLogs-1757121984202.zip exists, no need for clean up
2025/09/06 11:54:23.613809 [INFO] /tmp/BundleLogs-1757123604184.zip exists, no need for clean up
2025/09/06 11:54:23.613816 [INFO] /tmp/BundleLogs-1757123855694.zip exists, no need for clean up
2025/09/06 11:54:23.613823 [INFO] /tmp/BundleLogs-1757123974033.zip exists, no need for clean up
2025/09/06 11:54:23.613830 [INFO] /tmp/TailLogs-1757124514658.txt exists, no need for clean up
2025/09/06 11:54:23.613834 [INFO] Start log publish job.
2025/09/06 11:54:23.613838 [INFO] Start publish file /tmp/BundleLogs-1757127263142.zip
2025/09/06 11:54:23.753408 [INFO] Successful upload file /tmp/BundleLogs-1757127263142.zip to s3 resources/environments/logs/bundle/e-deie3pymih/i-04f9f98ff1ff3e3e3/BundleLogs-1757127263142.zip
2025/09/06 11:54:23.753631 [INFO] Finished log publish job.
2025/09/06 13:43:19.515107 [INFO] Cleaning log publish record...
2025/09/06 13:43:19.515187 [INFO] /tmp/TailLogs-1757048184812.txt exists, no need for clean up
2025/09/06 13:43:19.515198 [INFO] /tmp/BundleLogs-1757048209342.zip exists, no need for clean up
2025/09/06 13:43:19.515206 [INFO] /tmp/TailLogs-1757049672052.txt exists, no need for clean up
2025/09/06 13:43:19.515214 [INFO] /tmp/TailLogs-1757049809489.txt exists, no need for clean up
2025/09/06 13:43:19.515221 [INFO] /tmp/TailLogs-1757049906727.txt exists, no need for clean up
2025/09/06 13:43:19.515228 [INFO] /tmp/TailLogs-1757050434230.txt exists, no need for clean up
2025/09/06 13:43:19.515236 [INFO] /tmp/TailLogs-1757050777906.txt exists, no need for clean up
2025/09/06 13:43:19.515243 [INFO] /tmp/TailLogs-1757054446711.txt exists, no need for clean up
2025/09/06 13:43:19.515250 [INFO] /tmp/TailLogs-1757054531155.txt exists, no need for clean up
2025/09/06 13:43:19.515258 [INFO] /tmp/BundleLogs-1757109698569.zip exists, no need for clean up
2025/09/06 13:43:19.515266 [INFO] /tmp/TailLogs-1757109774366.txt exists, no need for clean up
2025/09/06 13:43:19.515273 [INFO] /tmp/BundleLogs-1757110175315.zip exists, no need for clean up
2025/09/06 13:43:19.515280 [INFO] /tmp/TailLogs-1757111365480.txt exists, no need for clean up
2025/09/06 13:43:19.515287 [INFO] /tmp/BundleLogs-1757111715524.zip exists, no need for clean up
2025/09/06 13:43:19.515295 [INFO] /tmp/BundleLogs-1757121958589.zip exists, no need for clean up
2025/09/06 13:43:19.515302 [INFO] /tmp/BundleLogs-1757121984202.zip exists, no need for clean up
2025/09/06 13:43:19.515309 [INFO] /tmp/BundleLogs-1757123604184.zip exists, no need for clean up
2025/09/06 13:43:19.515316 [INFO] /tmp/BundleLogs-1757123855694.zip exists, no need for clean up
2025/09/06 13:43:19.515323 [INFO] /tmp/BundleLogs-1757123974033.zip exists, no need for clean up
2025/09/06 13:43:19.515331 [INFO] /tmp/TailLogs-1757124514658.txt exists, no need for clean up
2025/09/06 13:43:19.515338 [INFO] /tmp/BundleLogs-1757127263142.zip exists, no need for clean up
2025/09/06 13:43:19.515342 [INFO] Start log publish job.
2025/09/06 13:43:19.515347 [INFO] Start publish file /tmp/BundleLogs-1757133798944.zip
2025/09/06 13:43:19.716296 [INFO] Successful upload file /tmp/BundleLogs-1757133798944.zip to s3 resources/environments/logs/bundle/e-deie3pymih/i-04f9f98ff1ff3e3e3/BundleLogs-1757133798944.zip
2025/09/06 13:43:19.716756 [INFO] Finished log publish job.
2025/09/06 15:07:40.461529 [INFO] Cleaning log publish record...
2025/09/06 15:07:40.463281 [INFO] /tmp/TailLogs-1757048184812.txt exists, no need for clean up
2025/09/06 15:07:40.463299 [INFO] /tmp/BundleLogs-1757048209342.zip exists, no need for clean up
2025/09/06 15:07:40.463312 [INFO] /tmp/TailLogs-1757049672052.txt exists, no need for clean up
2025/09/06 15:07:40.463321 [INFO] /tmp/TailLogs-1757049809489.txt exists, no need for clean up
2025/09/06 15:07:40.463331 [INFO] /tmp/TailLogs-1757049906727.txt exists, no need for clean up
2025/09/06 15:07:40.463340 [INFO] /tmp/TailLogs-1757050434230.txt exists, no need for clean up
2025/09/06 15:07:40.463359 [INFO] /tmp/TailLogs-1757050777906.txt exists, no need for clean up
2025/09/06 15:07:40.463369 [INFO] /tmp/TailLogs-1757054446711.txt exists, no need for clean up
2025/09/06 15:07:40.463378 [INFO] /tmp/TailLogs-1757054531155.txt exists, no need for clean up
2025/09/06 15:07:40.463387 [INFO] /tmp/BundleLogs-1757109698569.zip exists, no need for clean up
2025/09/06 15:07:40.463396 [INFO] /tmp/TailLogs-1757109774366.txt exists, no need for clean up
2025/09/06 15:07:40.463405 [INFO] /tmp/BundleLogs-1757110175315.zip exists, no need for clean up
2025/09/06 15:07:40.463413 [INFO] /tmp/TailLogs-1757111365480.txt exists, no need for clean up
2025/09/06 15:07:40.463422 [INFO] /tmp/BundleLogs-1757111715524.zip exists, no need for clean up
2025/09/06 15:07:40.463431 [INFO] /tmp/BundleLogs-1757121958589.zip exists, no need for clean up
2025/09/06 15:07:40.463440 [INFO] /tmp/BundleLogs-1757121984202.zip exists, no need for clean up
2025/09/06 15:07:40.463449 [INFO] /tmp/BundleLogs-1757123604184.zip exists, no need for clean up
2025/09/06 15:07:40.463459 [INFO] /tmp/BundleLogs-1757123855694.zip exists, no need for clean up
2025/09/06 15:07:40.463469 [INFO] /tmp/BundleLogs-1757123974033.zip exists, no need for clean up
2025/09/06 15:07:40.463479 [INFO] /tmp/TailLogs-1757124514658.txt exists, no need for clean up
2025/09/06 15:07:40.463541 [INFO] /tmp/BundleLogs-1757127263142.zip exists, no need for clean up
2025/09/06 15:07:40.463560 [INFO] /tmp/BundleLogs-1757133798944.zip exists, no need for clean up
2025/09/06 15:07:40.463566 [INFO] Start log publish job.
2025/09/06 15:07:40.463570 [INFO] Start publish file /tmp/TailLogs-1757138860415.txt
2025/09/06 15:07:40.609028 [INFO] Successful upload file /tmp/TailLogs-1757138860415.txt to s3 resources/environments/logs/tail/e-deie3pymih/i-04f9f98ff1ff3e3e3/TailLogs-1757138860415.txt
2025/09/06 15:07:40.609274 [INFO] Finished log publish job.
